2024-03-14 23:19:08,372 INFO     <BrokerConnection node_id=bootstrap-0 host=localhost:9092 <connecting> [IPv6 ('::1', 9092, 0, 0)]>: connecting to localhost:9092 [('::1', 9092, 0, 0) IPv6]
2024-03-14 23:19:08,373 INFO     Probing node bootstrap-0 broker version
2024-03-14 23:19:08,376 INFO     <BrokerConnection node_id=bootstrap-0 host=localhost:9092 <connecting> [IPv6 ('::1', 9092, 0, 0)]>: Connection complete.
2024-03-14 23:19:08,486 INFO     Broker version identified as 2.5.0
2024-03-14 23:19:08,487 INFO     Set configuration api_version=(2, 5, 0) to skip auto check_version requests on startup
2024-03-14 23:19:08,661 INFO     Sent 0660a9fa1966d2b4cf666909659a2de069b9d8f2
2024-03-14 23:19:08,661 INFO     <BrokerConnection node_id=0 host=localhost:9092 <connecting> [IPv6 ('::1', 9092, 0, 0)]>: connecting to localhost:9092 [('::1', 9092, 0, 0) IPv6]
2024-03-14 23:19:08,662 INFO     <BrokerConnection node_id=0 host=localhost:9092 <connecting> [IPv6 ('::1', 9092, 0, 0)]>: Connection complete.
2024-03-14 23:19:08,663 INFO     <BrokerConnection node_id=bootstrap-0 host=localhost:9092 <connected> [IPv6 ('::1', 9092, 0, 0)]>: Closing connection. 
2024-03-14 23:19:09,663 INFO     Sent 175b6787a0c15f7b8db45aaab0b861e9db8f4627
2024-03-14 23:19:10,673 INFO     Sent 2f2af23bfa0ff665affd065af9de7c85352ba2a8
2024-03-14 23:19:11,686 INFO     Sent f2f5dc3a6eaf0a300bd1ffddb11ac28a3ba31d77
2024-03-14 23:19:12,688 INFO     Sent 6de019cda796d05ceee12a668917a77c2abfbd7d
2024-03-14 23:19:13,691 INFO     Sent 508986ee9afec11b3a1b6b2aa33eb3628b792d02
2024-03-14 23:19:14,699 INFO     Sent 46ce59c789fca1447752e68b94e22ea28b34e7c2
2024-03-14 23:19:15,700 INFO     Sent 902be67c94cc52f0156224279e15ff5c449cda49
2024-03-14 23:19:16,704 INFO     Sent 9420b18385eb8d4a953b8af6296f15a7498c9193
2024-03-14 23:19:17,706 INFO     Sent 11688ee4e3201f79139d64d9df8d6dade689f289
2024-03-14 23:19:18,709 INFO     Sent 268462537140102f7ca6cbea0db675b387be409e
2024-03-14 23:19:19,712 INFO     Sent d772d847169ef22dbb68f800b48705d5166c2a08
2024-03-14 23:19:20,718 INFO     Sent c44a3a64369a102a4c20b6ccdef428fdaf829b11
2024-03-14 23:19:21,722 INFO     Sent c1d0ffd19befe7cf8b7ed1dbf7e6a3bd0ddeb0e7
2024-03-14 23:19:22,725 INFO     Sent 70fa80f1d0b7775ea35a460ae7bdc9538966f644
2024-03-14 23:19:23,729 INFO     Sent 447d3db829c1b9cef6a241bd2e3436ca625608f6
2024-03-14 23:19:24,731 INFO     Sent 3b9e8b3f6967a8c8f18a0300bfcdb1692f02b576
2024-03-14 23:19:25,735 INFO     Sent cc5c20c11f9549288d044ad0dcdd42f8351ca784
2024-03-14 23:19:26,739 INFO     Sent d977a712b087b509fcc568f152bd14790444cc03
2024-03-14 23:19:27,744 INFO     Sent 0bedbca3fd8a2ab2b66112739cb2dc8945944d6b
2024-03-14 23:19:28,746 INFO     Sent 8d7878fbb16a066ebd25743bb56c8e3a787e5f07
2024-03-14 23:19:29,749 INFO     Sent 883d67344243bdb6b82344c7ff760d31e0bbee3e
2024-03-14 23:19:30,752 INFO     Sent df29f499158dacc6a3637a7d1797ddc5b7885537
2024-03-14 23:19:31,753 INFO     Sent f9c61cfef8a811e67b0780174505245b915de282
2024-03-14 23:19:32,755 INFO     Sent 863572cff02b59f3ac58eda200b7e3494a331be4
2024-03-14 23:19:33,757 INFO     Sent e5dc28617f48b8051baf6e419121ad02c93155c9
2024-03-14 23:19:34,759 INFO     Sent fa865452e5b6c7ee90309de2ce3a8c3a1f321d9e
2024-03-14 23:19:35,766 INFO     Sent 1d9563944c2a09ba766b8dbe303c6ea2c13197f5
2024-03-14 23:19:36,774 INFO     Sent 2e2557b1f9624fde04f71bdf761a5423d0ef8830
2024-03-14 23:19:37,776 INFO     Sent 3626b7f238d0154cc810e31d04a045889c6a1439
2024-03-14 23:19:38,787 INFO     Sent dff665f603fd2a3506b0774c4a0db20347271a39
2024-03-14 23:19:39,796 INFO     Sent d2334ee9104060bdf10b92dfc0f52832e06772c1
2024-03-14 23:19:40,800 INFO     Sent 217094e48ad06010967623b46ebbc2605d24d73e
2024-03-14 23:19:41,805 INFO     Sent 9a302ed6b1332d8d2248423f69f54c866a28d5e4
2024-03-14 23:19:42,807 INFO     Sent 3935f7b763c69cf643d9ec77ac481881e1da52f4
2024-03-14 23:19:43,808 INFO     Sent 2f55dad500bae5a429fa886bf1e5d2fad912a7c8
2024-03-14 23:19:44,811 INFO     Sent d8e9ca8d2c1ef232d2e5b04ad24db837b387865c
2024-03-14 23:19:45,813 INFO     Sent a5dc0e9c5d960d1d7af7e57d15d57715c0ae5a56
2024-03-14 23:19:46,815 INFO     Sent 5c2df02c85fe16799e8618cdefd8d74307f446fd
2024-03-14 23:19:47,816 INFO     Sent 2a0543295f8a564a0be42d37bf206bb5e1065953
2024-03-14 23:19:48,818 INFO     Sent ad55be0fea1c202dab97b85e6f907cf25b7d7a61
2024-03-14 23:19:49,828 INFO     Sent 4cfa644531c8edf409e2d81023baf4fde64dd2c0
2024-03-14 23:19:50,842 INFO     Sent 7965ecf8ff3b4824d1ef25ed6d8cf23d150600fc
2024-03-14 23:19:51,881 INFO     Sent 62aa07e90f1b22dda22ede8ef4b1e6da2b143388
2024-03-14 23:19:52,884 INFO     Sent 65ccf5821c4d8db46bafa3d55603bbf1c6ba36d7
2024-03-14 23:19:53,902 INFO     Sent 03cd6ce37ba4b1cc1279d51b758f354089be9751
2024-03-14 23:19:54,937 INFO     Sent 832ea3113af4c544eb99811043d3c770ef1dfa2b
2024-03-14 23:19:55,961 INFO     Sent 414277c8fe4ce33106c7bca5a29a3d34fd9d87eb
2024-03-14 23:19:56,964 INFO     Sent 0b7e4402644fd3464fcd5ee0a9ab6509ca603360
2024-03-14 23:19:57,987 INFO     Sent 952f514ddb8419c094f446febfcba3a71ec907f5
2024-03-14 23:19:58,996 INFO     Sent e6f875264dc320741b83022c36342ef68d1f3b6d
2024-03-14 23:20:00,019 INFO     Sent 54c016d94c1cea951afb4264f1c9b59fba552c14
2024-03-14 23:20:01,035 INFO     Sent f5447265499b85d62f1239aa5313b7c3d4da4c68
2024-03-14 23:20:02,038 INFO     Sent 47fb52ec083e47ea2c6f45edf08a44a534ccb9e2
2024-03-14 23:20:03,041 INFO     Sent e13e6022008a56e70da6c605dc922e073a325055
2024-03-14 23:20:04,043 INFO     Sent bccec828805d2325b28d666db737be7836037d8b
2024-03-14 23:20:05,147 INFO     Sent 15af586d267071fc99e9a7a9047bb7e6f2e1b794
2024-03-14 23:20:06,154 INFO     Sent 4dd9d3d081fadae7114b09f0a01f53c0041fc80f
2024-03-14 23:20:07,164 INFO     Sent bc9e30c198d0ebc05c9bcd8f0e44480afbbe87be
2024-03-14 23:20:08,091 INFO     Closing the Kafka producer with 0 secs timeout.
2024-03-14 23:20:08,095 INFO     Proceeding to force close the producer since pending requests could not be completed within timeout 0.
