2024-03-14 23:20:19,129 INFO     <BrokerConnection node_id=bootstrap-0 host=localhost:9092 <connecting> [IPv6 ('::1', 9092, 0, 0)]>: connecting to localhost:9092 [('::1', 9092, 0, 0) IPv6]
2024-03-14 23:20:19,129 INFO     Probing node bootstrap-0 broker version
2024-03-14 23:20:19,130 INFO     <BrokerConnection node_id=bootstrap-0 host=localhost:9092 <connecting> [IPv6 ('::1', 9092, 0, 0)]>: Connection complete.
2024-03-14 23:20:19,239 INFO     Broker version identified as 2.5.0
2024-03-14 23:20:19,239 INFO     Set configuration api_version=(2, 5, 0) to skip auto check_version requests on startup
2024-03-14 23:20:19,580 INFO     Sent 19622248474
2024-03-14 23:20:19,580 INFO     <BrokerConnection node_id=0 host=localhost:9092 <connecting> [IPv6 ('::1', 9092, 0, 0)]>: connecting to localhost:9092 [('::1', 9092, 0, 0) IPv6]
2024-03-14 23:20:19,581 INFO     <BrokerConnection node_id=0 host=localhost:9092 <connecting> [IPv6 ('::1', 9092, 0, 0)]>: Connection complete.
2024-03-14 23:20:19,582 INFO     <BrokerConnection node_id=bootstrap-0 host=localhost:9092 <connected> [IPv6 ('::1', 9092, 0, 0)]>: Closing connection. 
2024-03-14 23:20:19,693 INFO     Sent 19622248472
2024-03-14 23:20:19,795 INFO     Sent 19622248471
2024-03-14 23:20:19,897 INFO     Sent 19622248470
2024-03-14 23:20:19,999 INFO     Sent 19622248469
2024-03-14 23:20:20,103 INFO     Sent 19622248468
2024-03-14 23:20:20,205 INFO     Sent 19622248467
2024-03-14 23:20:20,323 INFO     Sent 19622248466
2024-03-14 23:20:20,437 INFO     Sent 19622248464
2024-03-14 23:20:20,552 INFO     Sent 19622248463
2024-03-14 23:20:20,653 INFO     Sent 19622248462
2024-03-14 23:20:20,757 INFO     Sent 19622248459
2024-03-14 23:20:20,863 INFO     Sent 19622248458
2024-03-14 23:20:20,975 INFO     Sent 19622248457
2024-03-14 23:20:21,086 INFO     Sent 19622248456
2024-03-14 23:20:21,189 INFO     Sent 19622248455
2024-03-14 23:20:21,291 INFO     Sent 19622248454
2024-03-14 23:20:21,394 INFO     Sent 19622248453
2024-03-14 23:20:21,498 INFO     Sent 19622248452
2024-03-14 23:20:21,602 INFO     Sent 19622248451
2024-03-14 23:20:21,709 INFO     Sent 19622248450
2024-03-14 23:20:21,821 INFO     Sent 19622248449
2024-03-14 23:20:21,922 INFO     Sent 19622248448
2024-03-14 23:20:22,026 INFO     Sent 19622248447
2024-03-14 23:20:22,128 INFO     Sent 19622248444
2024-03-14 23:20:22,230 INFO     Sent 19622248443
2024-03-14 23:20:22,332 INFO     Sent 19622248442
2024-03-14 23:20:22,437 INFO     Sent 19622248441
2024-03-14 23:20:22,546 INFO     Sent 19622248440
2024-03-14 23:20:22,650 INFO     Sent 19622248439
2024-03-14 23:20:22,754 INFO     Sent 19622248438
2024-03-14 23:20:22,857 INFO     Sent 19622248437
2024-03-14 23:20:22,966 INFO     Sent 19622248436
2024-03-14 23:20:23,069 INFO     Sent 19622248435
2024-03-14 23:20:23,170 INFO     Sent 19622248434
2024-03-14 23:20:23,273 INFO     Sent 19622248433
2024-03-14 23:20:23,375 INFO     Sent 19622248432
2024-03-14 23:20:23,478 INFO     Sent 19622248431
2024-03-14 23:20:23,581 INFO     Sent 19622248430
2024-03-14 23:20:23,684 INFO     Sent 19622248429
2024-03-14 23:20:23,791 INFO     Sent 19622248428
2024-03-14 23:20:23,902 INFO     Sent 19622248427
2024-03-14 23:20:24,013 INFO     Sent 19622248426
2024-03-14 23:20:24,129 INFO     Sent 19622248425
2024-03-14 23:20:24,235 INFO     Sent 19622248424
2024-03-14 23:20:24,359 INFO     Sent 19622248423
2024-03-14 23:20:24,462 INFO     Sent 19622248422
2024-03-14 23:20:24,581 INFO     Sent 19622248421
2024-03-14 23:20:24,685 INFO     Sent 19622248420
2024-03-14 23:20:24,791 INFO     Sent 19622248419
2024-03-14 23:20:24,897 INFO     Sent 19622248418
2024-03-14 23:20:25,002 INFO     Sent 19622248417
2024-03-14 23:20:25,113 INFO     Sent 19622248416
2024-03-14 23:20:25,217 INFO     Sent 19622248415
2024-03-14 23:20:25,330 INFO     Sent 19622248414
2024-03-14 23:20:25,433 INFO     Sent 19622248413
2024-03-14 23:20:25,540 INFO     Sent 19622248412
2024-03-14 23:20:25,642 INFO     Sent 19622248411
2024-03-14 23:20:25,744 INFO     Sent 19622248410
2024-03-14 23:20:25,846 INFO     Sent 19622248409
2024-03-14 23:20:25,947 INFO     Sent 19622248408
2024-03-14 23:20:26,049 INFO     Sent 19622248407
2024-03-14 23:20:26,153 INFO     Sent 19622248406
2024-03-14 23:20:26,259 INFO     Sent 19622248405
2024-03-14 23:20:26,364 INFO     Sent 19622248404
2024-03-14 23:20:26,466 INFO     Sent 19622248403
2024-03-14 23:20:26,572 INFO     Sent 19622248402
2024-03-14 23:20:26,676 INFO     Sent 19622248401
2024-03-14 23:20:26,779 INFO     Sent 19622248400
2024-03-14 23:20:26,883 INFO     Sent 19622248399
2024-03-14 23:20:26,986 INFO     Sent 19622248398
2024-03-14 23:20:27,088 INFO     Sent 19622248397
2024-03-14 23:20:27,191 INFO     Sent 19622248396
2024-03-14 23:20:27,292 INFO     Sent 19622248395
2024-03-14 23:20:27,395 INFO     Sent 19622248394
2024-03-14 23:20:27,497 INFO     Sent 19622248393
2024-03-14 23:20:27,602 INFO     Sent 19622248392
2024-03-14 23:20:27,707 INFO     Sent 19622248391
2024-03-14 23:20:27,851 INFO     Sent 19622248390
2024-03-14 23:20:27,953 INFO     Sent 19622248389
2024-03-14 23:20:28,057 INFO     Sent 19622248388
2024-03-14 23:20:28,161 INFO     Sent 19622248387
2024-03-14 23:20:28,272 INFO     Sent 19622248386
2024-03-14 23:20:28,392 INFO     Sent 19622248385
2024-03-14 23:20:28,496 INFO     Sent 19622248384
2024-03-14 23:20:28,609 INFO     Sent 19622248383
2024-03-14 23:20:28,725 INFO     Sent 19622248382
2024-03-14 23:20:28,841 INFO     Sent 19622248381
2024-03-14 23:20:28,962 INFO     Sent 19622248380
2024-03-14 23:20:29,073 INFO     Sent 19622248379
2024-03-14 23:20:29,190 INFO     Sent 19622248378
2024-03-14 23:20:29,305 INFO     Sent 19622248377
2024-03-14 23:20:29,410 INFO     Sent 19622248376
2024-03-14 23:20:29,527 INFO     Sent 19622248375
2024-03-14 23:20:29,631 INFO     Sent 19622248373
2024-03-14 23:20:29,734 INFO     Sent 19622248372
2024-03-14 23:20:29,837 INFO     Sent 19622248371
2024-03-14 23:20:29,957 INFO     Sent 19622248370
2024-03-14 23:20:30,060 INFO     Sent 19622248369
2024-03-14 23:20:30,174 INFO     Sent 19622248368
2024-03-14 23:20:30,281 INFO     Sent 19622248367
2024-03-14 23:20:30,385 INFO     Sent 19622248366
2024-03-14 23:20:30,487 INFO     Sent 19622248365
2024-03-14 23:20:30,589 INFO     Sent 19622248364
2024-03-14 23:20:30,691 INFO     Sent 19622248363
2024-03-14 23:20:30,793 INFO     Sent 19622248362
2024-03-14 23:20:30,897 INFO     Sent 19622248361
2024-03-14 23:20:31,000 INFO     Sent 19622248360
2024-03-14 23:20:31,102 INFO     Sent 19622248359
2024-03-14 23:20:31,207 INFO     Sent 19622248358
2024-03-14 23:20:31,310 INFO     Sent 19622248357
2024-03-14 23:20:31,411 INFO     Sent 19622248356
2024-03-14 23:20:31,514 INFO     Sent 19622248355
2024-03-14 23:20:31,617 INFO     Sent 19622248353
2024-03-14 23:20:31,720 INFO     Sent 19622248352
2024-03-14 23:20:31,829 INFO     Sent 19622248351
2024-03-14 23:20:31,941 INFO     Sent 19622248350
2024-03-14 23:20:32,044 INFO     Sent 19622248349
2024-03-14 23:20:32,160 INFO     Sent 19622248348
2024-03-14 23:20:32,265 INFO     Sent 19622248347
2024-03-14 23:20:32,368 INFO     Sent 19622248346
2024-03-14 23:20:32,472 INFO     Sent 19622248345
2024-03-14 23:20:32,575 INFO     Sent 19622248344
2024-03-14 23:20:32,676 INFO     Sent 19622248343
2024-03-14 23:20:32,781 INFO     Sent 19622248342
2024-03-14 23:20:32,890 INFO     Sent 19622248341
2024-03-14 23:20:32,993 INFO     Sent 19622248340
2024-03-14 23:20:33,099 INFO     Sent 19622248339
2024-03-14 23:20:33,203 INFO     Sent 19622248338
2024-03-14 23:20:33,305 INFO     Sent 19622248337
2024-03-14 23:20:33,412 INFO     Sent 19622248336
2024-03-14 23:20:33,515 INFO     Sent 19622248335
2024-03-14 23:20:33,623 INFO     Sent 19622248334
2024-03-14 23:20:33,727 INFO     Sent 19622248333
2024-03-14 23:20:33,830 INFO     Sent 19622248332
2024-03-14 23:20:33,937 INFO     Sent 19622248331
2024-03-14 23:20:34,038 INFO     Sent 19622248330
2024-03-14 23:20:34,140 INFO     Sent 19622248329
2024-03-14 23:20:34,242 INFO     Sent 19622248328
2024-03-14 23:20:34,343 INFO     Sent 19622248327
2024-03-14 23:20:34,445 INFO     Sent 19622248326
2024-03-14 23:20:34,551 INFO     Sent 19622248325
2024-03-14 23:20:34,664 INFO     Sent 19622248323
2024-03-14 23:20:34,780 INFO     Sent 19622248322
2024-03-14 23:20:34,881 INFO     Sent 19622248321
2024-03-14 23:20:34,985 INFO     Sent 19622248320
2024-03-14 23:20:35,089 INFO     Sent 19622248319
2024-03-14 23:20:35,192 INFO     Sent 19622248318
2024-03-14 23:20:35,295 INFO     Sent 19622248317
2024-03-14 23:20:35,397 INFO     Sent 19622248316
2024-03-14 23:20:35,499 INFO     Sent 19622248315
2024-03-14 23:20:35,600 INFO     Sent 19622248314
2024-03-14 23:20:35,702 INFO     Sent 19622248313
2024-03-14 23:20:35,806 INFO     Sent 19622248312
2024-03-14 23:20:35,909 INFO     Sent 19622248311
2024-03-14 23:20:36,010 INFO     Sent 19622248310
2024-03-14 23:20:36,115 INFO     Sent 19622248309
2024-03-14 23:20:36,222 INFO     Sent 19622248308
2024-03-14 23:20:36,325 INFO     Sent 19622248307
2024-03-14 23:20:36,426 INFO     Sent 19622248306
2024-03-14 23:20:36,531 INFO     Sent 19622248305
2024-03-14 23:20:36,644 INFO     Sent 19622248304
2024-03-14 23:20:36,745 INFO     Sent 19622248303
2024-03-14 23:20:36,847 INFO     Sent 19622248302
2024-03-14 23:20:36,949 INFO     Sent 19622248301
2024-03-14 23:20:37,053 INFO     Sent 19622248300
2024-03-14 23:20:37,158 INFO     Sent 19622248299
2024-03-14 23:20:37,259 INFO     Sent 19622248298
2024-03-14 23:20:37,361 INFO     Sent 19622248297
2024-03-14 23:20:37,464 INFO     Sent 19622248296
2024-03-14 23:20:37,566 INFO     Sent 19622248295
2024-03-14 23:20:37,668 INFO     Sent 19622248294
2024-03-14 23:20:37,770 INFO     Sent 19622248293
2024-03-14 23:20:37,886 INFO     Sent 19622248292
2024-03-14 23:20:37,989 INFO     Sent 19622248291
2024-03-14 23:20:38,092 INFO     Sent 19622248290
2024-03-14 23:20:38,194 INFO     Sent 19622248289
2024-03-14 23:20:38,306 INFO     Sent 19622248288
2024-03-14 23:20:38,408 INFO     Sent 19622248287
2024-03-14 23:20:38,509 INFO     Sent 19622248286
2024-03-14 23:20:38,611 INFO     Sent 19622248285
2024-03-14 23:20:38,715 INFO     Sent 19622248284
2024-03-14 23:20:38,819 INFO     Sent 19622248283
2024-03-14 23:20:38,925 INFO     Sent 19622248282
2024-03-14 23:20:39,026 INFO     Sent 19622248281
2024-03-14 23:20:39,142 INFO     Sent 19622248280
2024-03-14 23:20:39,244 INFO     Sent 19622248279
2024-03-14 23:20:39,360 INFO     Sent 19622248278
2024-03-14 23:20:39,466 INFO     Sent 19622248277
2024-03-14 23:20:39,583 INFO     Sent 19622248276
2024-03-14 23:20:39,690 INFO     Sent 19622248275
2024-03-14 23:20:39,797 INFO     Sent 19622248274
2024-03-14 23:20:39,908 INFO     Sent 19622248273
2024-03-14 23:20:40,023 INFO     Sent 19622248271
2024-03-14 23:20:40,128 INFO     Sent 19622248270
2024-03-14 23:20:40,233 INFO     Sent 19622248269
2024-03-14 23:20:40,334 INFO     Sent 19622248268
2024-03-14 23:20:40,439 INFO     Sent 19622248267
2024-03-14 23:20:40,547 INFO     Sent 19622248266
2024-03-14 23:20:40,650 INFO     Sent 19622248265
2024-03-14 23:20:40,753 INFO     Sent 19622248264
2024-03-14 23:20:40,856 INFO     Sent 19622248263
2024-03-14 23:20:40,958 INFO     Sent 19622248262
2024-03-14 23:20:41,061 INFO     Sent 19622248261
2024-03-14 23:20:41,164 INFO     Sent 19622248260
2024-03-14 23:20:41,266 INFO     Sent 19622248259
2024-03-14 23:20:41,369 INFO     Sent 19622248258
2024-03-14 23:20:41,473 INFO     Sent 19622248257
2024-03-14 23:20:41,575 INFO     Sent 19622248256
2024-03-14 23:20:41,678 INFO     Sent 19622248255
2024-03-14 23:20:41,780 INFO     Sent 19622248254
2024-03-14 23:20:41,882 INFO     Sent 19622248253
2024-03-14 23:20:41,988 INFO     Sent 19622248252
2024-03-14 23:20:42,094 INFO     Sent 19622248251
2024-03-14 23:20:42,206 INFO     Sent 19622248250
2024-03-14 23:20:42,308 INFO     Sent 19622248249
2024-03-14 23:20:42,411 INFO     Sent 19622248248
2024-03-14 23:20:42,514 INFO     Sent 19622248247
2024-03-14 23:20:42,616 INFO     Sent 19622248246
2024-03-14 23:20:42,719 INFO     Sent 19622248245
2024-03-14 23:20:42,820 INFO     Sent 19622248244
2024-03-14 23:20:42,924 INFO     Sent 19622248243
2024-03-14 23:20:43,027 INFO     Sent 19622248242
2024-03-14 23:20:43,130 INFO     Sent 19622248241
2024-03-14 23:20:43,234 INFO     Sent 19622248240
2024-03-14 23:20:43,337 INFO     Sent 19622248239
2024-03-14 23:20:43,442 INFO     Sent 19622248238
2024-03-14 23:20:43,545 INFO     Sent 19622248237
2024-03-14 23:20:43,649 INFO     Sent 19622248236
2024-03-14 23:20:43,752 INFO     Sent 19622248235
2024-03-14 23:20:43,854 INFO     Sent 19622248234
2024-03-14 23:20:43,963 INFO     Sent 19622248233
2024-03-14 23:20:44,070 INFO     Sent 19622248232
2024-03-14 23:20:44,176 INFO     Sent 19622248231
2024-03-14 23:20:44,277 INFO     Sent 19622248230
2024-03-14 23:20:44,392 INFO     Sent 19622248229
2024-03-14 23:20:44,498 INFO     Sent 19622248228
2024-03-14 23:20:44,601 INFO     Sent 19622248227
2024-03-14 23:20:44,704 INFO     Sent 19622248226
2024-03-14 23:20:44,810 INFO     Sent 19622248225
2024-03-14 23:20:44,914 INFO     Sent 19622248224
2024-03-14 23:20:45,016 INFO     Sent 19622248223
2024-03-14 23:20:45,118 INFO     Sent 19622248222
2024-03-14 23:20:45,220 INFO     Sent 19622248221
2024-03-14 23:20:45,323 INFO     Sent 19622248220
2024-03-14 23:20:45,427 INFO     Sent 19622248219
2024-03-14 23:20:45,531 INFO     Sent 19622248218
2024-03-14 23:20:45,632 INFO     Sent 19622248217
2024-03-14 23:20:45,735 INFO     Sent 19622248216
2024-03-14 23:20:45,838 INFO     Sent 19622248215
2024-03-14 23:20:45,940 INFO     Sent 19622248214
2024-03-14 23:20:46,042 INFO     Sent 19622248213
2024-03-14 23:20:46,144 INFO     Sent 19622248212
2024-03-14 23:20:46,245 INFO     Sent 19622248211
2024-03-14 23:20:46,347 INFO     Sent 19622248210
2024-03-14 23:20:46,450 INFO     Sent 19622248209
2024-03-14 23:20:46,552 INFO     Sent 19622248208
2024-03-14 23:20:46,657 INFO     Sent 19622248207
2024-03-14 23:20:46,765 INFO     Sent 19622248206
2024-03-14 23:20:46,868 INFO     Sent 19622248205
2024-03-14 23:20:46,971 INFO     Sent 19622248204
2024-03-14 23:20:47,073 INFO     Sent 19622248203
2024-03-14 23:20:47,175 INFO     Sent 19622248202
2024-03-14 23:20:47,278 INFO     Sent 19622248201
2024-03-14 23:20:47,381 INFO     Sent 19622248200
2024-03-14 23:20:47,484 INFO     Sent 19622248199
2024-03-14 23:20:47,587 INFO     Sent 19622248198
2024-03-14 23:20:47,688 INFO     Sent 19622248196
2024-03-14 23:20:47,792 INFO     Sent 19622248195
2024-03-14 23:20:47,912 INFO     Sent 19622248194
2024-03-14 23:20:48,018 INFO     Sent 19622248193
2024-03-14 23:20:48,141 INFO     Sent 19622248192
2024-03-14 23:20:48,244 INFO     Sent 19622248191
2024-03-14 23:20:48,359 INFO     Sent 19622248190
2024-03-14 23:20:48,488 INFO     Sent 19622248189
2024-03-14 23:20:48,597 INFO     Sent 19622248188
2024-03-14 23:20:48,709 INFO     Sent 19622248187
2024-03-14 23:20:48,812 INFO     Sent 19622248186
2024-03-14 23:20:48,915 INFO     Sent 19622248185
2024-03-14 23:20:49,031 INFO     Sent 19622248184
2024-03-14 23:20:49,138 INFO     Sent 19622248183
2024-03-14 23:20:49,242 INFO     Sent 19622248182
2024-03-14 23:20:49,346 INFO     Sent 19622248181
2024-03-14 23:20:49,450 INFO     Sent 19622248180
2024-03-14 23:20:49,555 INFO     Sent 19622248179
2024-03-14 23:20:49,657 INFO     Sent 19622248178
2024-03-14 23:20:49,759 INFO     Sent 19622248177
2024-03-14 23:20:49,874 INFO     Sent 19622248176
2024-03-14 23:20:49,975 INFO     Sent 19622248175
2024-03-14 23:20:50,077 INFO     Sent 19622248174
2024-03-14 23:20:50,181 INFO     Sent 19622248173
2024-03-14 23:20:50,285 INFO     Sent 19622248172
2024-03-14 23:20:50,386 INFO     Sent 19622248171
2024-03-14 23:20:50,489 INFO     Sent 19622248170
2024-03-14 23:20:50,591 INFO     Sent 19622248169
2024-03-14 23:20:50,692 INFO     Sent 19622248168
2024-03-14 23:20:50,796 INFO     Sent 19622248167
2024-03-14 23:20:50,899 INFO     Sent 19622248166
2024-03-14 23:20:51,009 INFO     Sent 19622248165
2024-03-14 23:20:51,116 INFO     Sent 19622248164
2024-03-14 23:20:51,223 INFO     Sent 19622248163
2024-03-14 23:20:51,327 INFO     Sent 19622248162
2024-03-14 23:20:51,431 INFO     Sent 19622248161
2024-03-14 23:20:51,533 INFO     Sent 19622248160
2024-03-14 23:20:51,638 INFO     Sent 19622248159
2024-03-14 23:20:51,749 INFO     Sent 19622248158
2024-03-14 23:20:51,855 INFO     Sent 19622248157
2024-03-14 23:20:51,957 INFO     Sent 19622248156
2024-03-14 23:20:52,073 INFO     Sent 19622248155
2024-03-14 23:20:52,180 INFO     Sent 19622248154
2024-03-14 23:20:52,314 INFO     Sent 19622248153
2024-03-14 23:20:52,439 INFO     Sent 19622248152
2024-03-14 23:20:52,559 INFO     Sent 19622248151
2024-03-14 23:20:52,663 INFO     Sent 19622248150
2024-03-14 23:20:52,772 INFO     Sent 19622248149
2024-03-14 23:20:52,890 INFO     Sent 19622248148
2024-03-14 23:20:53,004 INFO     Sent 19622248147
2024-03-14 23:20:53,115 INFO     Sent 19622248146
2024-03-14 23:20:53,239 INFO     Sent 19622248145
2024-03-14 23:20:53,346 INFO     Sent 19622248144
2024-03-14 23:20:53,455 INFO     Sent 19622248143
2024-03-14 23:20:53,568 INFO     Sent 19622248142
2024-03-14 23:20:53,685 INFO     Sent 19622248141
2024-03-14 23:20:53,796 INFO     Sent 19622248140
2024-03-14 23:20:53,911 INFO     Sent 19622248139
2024-03-14 23:20:54,051 INFO     Sent 19622248138
2024-03-14 23:20:54,165 INFO     Sent 19622248137
2024-03-14 23:20:54,270 INFO     Sent 19622248136
2024-03-14 23:20:54,393 INFO     Sent 19622248135
2024-03-14 23:20:54,512 INFO     Sent 19622248134
2024-03-14 23:20:54,615 INFO     Sent 19622248133
2024-03-14 23:20:54,721 INFO     Sent 19622248132
2024-03-14 23:20:54,824 INFO     Sent 19622248131
2024-03-14 23:20:54,945 INFO     Sent 19622248130
2024-03-14 23:20:55,050 INFO     Sent 19622248129
2024-03-14 23:20:55,167 INFO     Sent 19622248128
2024-03-14 23:20:55,278 INFO     Sent 19622248127
2024-03-14 23:20:55,386 INFO     Sent 19622248126
2024-03-14 23:20:55,488 INFO     Sent 19622248125
2024-03-14 23:20:55,591 INFO     Sent 19622248124
2024-03-14 23:20:55,694 INFO     Sent 19622248123
2024-03-14 23:20:55,800 INFO     Sent 19622248122
2024-03-14 23:20:55,909 INFO     Sent 19622248121
2024-03-14 23:20:56,010 INFO     Sent 19622248120
2024-03-14 23:20:56,121 INFO     Sent 19622248119
2024-03-14 23:20:56,224 INFO     Sent 19622248118
2024-03-14 23:20:56,326 INFO     Sent 19622248117
2024-03-14 23:20:56,428 INFO     Sent 19622248116
2024-03-14 23:20:56,531 INFO     Sent 19622248115
2024-03-14 23:20:56,634 INFO     Sent 19622248114
2024-03-14 23:20:56,735 INFO     Sent 19622248113
2024-03-14 23:20:56,838 INFO     Sent 19622248112
2024-03-14 23:20:56,939 INFO     Sent 19622248111
2024-03-14 23:20:57,041 INFO     Sent 19622248110
2024-03-14 23:20:57,148 INFO     Sent 19622248109
2024-03-14 23:20:57,250 INFO     Sent 19622248108
2024-03-14 23:20:57,358 INFO     Sent 19622248107
2024-03-14 23:20:57,459 INFO     Sent 19622248106
2024-03-14 23:20:57,568 INFO     Sent 19622248105
2024-03-14 23:20:57,674 INFO     Sent 19622248104
2024-03-14 23:20:57,780 INFO     Sent 19622248103
2024-03-14 23:20:57,884 INFO     Sent 19622248102
2024-03-14 23:20:57,989 INFO     Sent 19622248101
2024-03-14 23:20:58,091 INFO     Sent 19622248100
2024-03-14 23:20:58,193 INFO     Sent 19622248099
2024-03-14 23:20:58,297 INFO     Sent 19622248098
2024-03-14 23:20:58,401 INFO     Sent 19622248097
2024-03-14 23:20:58,504 INFO     Sent 19622248096
2024-03-14 23:20:58,610 INFO     Sent 19622248095
2024-03-14 23:20:58,724 INFO     Sent 19622248094
2024-03-14 23:20:58,836 INFO     Sent 19622248093
2024-03-14 23:20:58,943 INFO     Sent 19622248092
2024-03-14 23:20:59,053 INFO     Sent 19622248091
2024-03-14 23:20:59,156 INFO     Sent 19622248090
2024-03-14 23:20:59,258 INFO     Sent 19622248089
2024-03-14 23:20:59,363 INFO     Sent 19622248088
2024-03-14 23:20:59,470 INFO     Sent 19622248087
2024-03-14 23:20:59,579 INFO     Sent 19622248086
2024-03-14 23:20:59,682 INFO     Sent 19622248085
2024-03-14 23:20:59,784 INFO     Sent 19622248084
2024-03-14 23:20:59,899 INFO     Sent 19622248083
2024-03-14 23:21:00,002 INFO     Sent 19622248082
2024-03-14 23:21:00,106 INFO     Sent 19622248081
2024-03-14 23:21:00,210 INFO     Sent 19622248079
2024-03-14 23:21:00,314 INFO     Sent 19622248078
2024-03-14 23:21:00,418 INFO     Sent 19622248077
2024-03-14 23:21:00,522 INFO     Sent 19622248076
2024-03-14 23:21:00,626 INFO     Sent 19622248075
2024-03-14 23:21:00,742 INFO     Sent 19622248074
2024-03-14 23:21:00,847 INFO     Sent 19622248073
2024-03-14 23:21:00,949 INFO     Sent 19622248072
2024-03-14 23:21:01,051 INFO     Sent 19622248071
2024-03-14 23:21:01,153 INFO     Sent 19622248070
2024-03-14 23:21:01,255 INFO     Sent 19622248069
2024-03-14 23:21:01,357 INFO     Sent 19622248068
2024-03-14 23:21:01,459 INFO     Sent 19622248067
2024-03-14 23:21:01,563 INFO     Sent 19622248066
2024-03-14 23:21:01,667 INFO     Sent 19622248065
2024-03-14 23:21:01,771 INFO     Sent 19622248064
2024-03-14 23:21:01,876 INFO     Sent 19622248063
2024-03-14 23:21:01,980 INFO     Sent 19622248062
2024-03-14 23:21:02,095 INFO     Sent 19622248061
2024-03-14 23:21:02,197 INFO     Sent 19622248060
2024-03-14 23:21:02,301 INFO     Sent 19622248059
2024-03-14 23:21:02,406 INFO     Sent 19622248058
2024-03-14 23:21:02,510 INFO     Sent 19622248057
2024-03-14 23:21:02,613 INFO     Sent 19622248056
2024-03-14 23:21:02,718 INFO     Sent 19622248055
2024-03-14 23:21:02,821 INFO     Sent 19622248054
2024-03-14 23:21:02,926 INFO     Sent 19622248053
2024-03-14 23:21:03,037 INFO     Sent 19622248052
2024-03-14 23:21:03,141 INFO     Sent 19622248051
2024-03-14 23:21:03,245 INFO     Sent 19622248050
2024-03-14 23:21:03,350 INFO     Sent 19622248049
2024-03-14 23:21:03,460 INFO     Sent 19622248048
2024-03-14 23:21:03,566 INFO     Sent 19622248047
2024-03-14 23:21:03,669 INFO     Sent 19622248046
2024-03-14 23:21:03,772 INFO     Sent 19622248045
2024-03-14 23:21:03,880 INFO     Sent 19622248044
2024-03-14 23:21:03,986 INFO     Sent 19622248043
2024-03-14 23:21:04,089 INFO     Sent 19622248042
2024-03-14 23:21:04,192 INFO     Sent 19622248041
2024-03-14 23:21:04,298 INFO     Sent 19622248040
2024-03-14 23:21:04,408 INFO     Sent 19622248039
2024-03-14 23:21:04,518 INFO     Sent 19622248038
2024-03-14 23:21:04,630 INFO     Sent 19622248037
2024-03-14 23:21:04,732 INFO     Sent 19622248036
2024-03-14 23:21:04,855 INFO     Sent 19622248035
2024-03-14 23:21:04,965 INFO     Sent 19622248034
2024-03-14 23:21:05,067 INFO     Sent 19622248033
2024-03-14 23:21:05,173 INFO     Sent 19622248032
2024-03-14 23:21:05,283 INFO     Sent 19622248031
2024-03-14 23:21:05,389 INFO     Sent 19622248030
2024-03-14 23:21:05,491 INFO     Sent 19622248029
2024-03-14 23:21:05,593 INFO     Sent 19622248028
2024-03-14 23:21:05,702 INFO     Sent 19622248027
2024-03-14 23:21:05,804 INFO     Sent 19622248026
2024-03-14 23:21:05,907 INFO     Sent 19622248025
2024-03-14 23:21:06,009 INFO     Sent 19622248024
2024-03-14 23:21:06,113 INFO     Sent 19622248023
2024-03-14 23:21:06,215 INFO     Sent 19622248022
2024-03-14 23:21:06,317 INFO     Sent 19622248021
2024-03-14 23:21:06,418 INFO     Sent 19622248020
2024-03-14 23:21:06,536 INFO     Sent 19622248019
2024-03-14 23:21:06,640 INFO     Sent 19622248018
2024-03-14 23:21:06,742 INFO     Sent 19622248017
2024-03-14 23:21:06,856 INFO     Sent 19622248016
2024-03-14 23:21:06,976 INFO     Sent 19622248015
2024-03-14 23:21:07,080 INFO     Sent 19622248014
2024-03-14 23:21:07,182 INFO     Sent 19622248013
2024-03-14 23:21:07,284 INFO     Sent 19622248012
2024-03-14 23:21:07,385 INFO     Sent 19622248011
2024-03-14 23:21:07,488 INFO     Sent 19622248010
2024-03-14 23:21:07,589 INFO     Sent 19622248009
2024-03-14 23:21:07,692 INFO     Sent 19622248008
2024-03-14 23:21:07,795 INFO     Sent 19622248007
2024-03-14 23:21:07,898 INFO     Sent 19622248006
2024-03-14 23:21:08,002 INFO     Sent 19622248005
2024-03-14 23:21:08,106 INFO     Sent 19622248004
2024-03-14 23:21:08,208 INFO     Sent 19622248003
2024-03-14 23:21:08,318 INFO     Sent 19622248002
2024-03-14 23:21:08,421 INFO     Sent 19622248001
2024-03-14 23:21:08,525 INFO     Sent 19622248000
2024-03-14 23:21:08,630 INFO     Sent 19622247999
2024-03-14 23:21:08,732 INFO     Sent 19622247998
2024-03-14 23:21:08,834 INFO     Sent 19622247997
2024-03-14 23:21:08,937 INFO     Sent 19622247996
2024-03-14 23:21:09,038 INFO     Sent 19622247995
2024-03-14 23:21:09,140 INFO     Sent 19622247994
2024-03-14 23:21:09,246 INFO     Sent 19622247993
2024-03-14 23:21:09,363 INFO     Sent 19622247992
2024-03-14 23:21:09,470 INFO     Sent 19622247991
2024-03-14 23:21:09,572 INFO     Sent 19622247990
2024-03-14 23:21:09,673 INFO     Sent 19622247989
2024-03-14 23:21:09,775 INFO     Sent 19622247988
2024-03-14 23:21:09,882 INFO     Sent 19622247987
2024-03-14 23:21:09,984 INFO     Sent 19622247986
2024-03-14 23:21:10,086 INFO     Sent 19622247985
2024-03-14 23:21:10,189 INFO     Sent 19622247984
2024-03-14 23:21:10,291 INFO     Sent 19622247983
2024-03-14 23:21:10,393 INFO     Sent 19622247982
2024-03-14 23:21:10,495 INFO     Sent 19622247981
2024-03-14 23:21:10,597 INFO     Sent 19622247980
2024-03-14 23:21:10,699 INFO     Sent 19622247979
2024-03-14 23:21:10,800 INFO     Sent 19622247978
2024-03-14 23:21:10,902 INFO     Sent 19622247977
2024-03-14 23:21:11,005 INFO     Sent 19622247976
2024-03-14 23:21:11,107 INFO     Sent 19622247975
2024-03-14 23:21:11,210 INFO     Sent 19622247974
2024-03-14 23:21:11,312 INFO     Sent 19622247973
2024-03-14 23:21:11,415 INFO     Sent 19622247972
2024-03-14 23:21:11,520 INFO     Sent 19622247971
2024-03-14 23:21:11,624 INFO     Sent 19622247970
2024-03-14 23:21:11,726 INFO     Sent 19622247969
2024-03-14 23:21:11,829 INFO     Sent 19622247968
2024-03-14 23:21:11,932 INFO     Sent 19622247967
2024-03-14 23:21:12,035 INFO     Sent 19622247966
2024-03-14 23:21:12,138 INFO     Sent 19622247965
2024-03-14 23:21:12,241 INFO     Sent 19622247964
2024-03-14 23:21:12,344 INFO     Sent 19622247963
2024-03-14 23:21:12,452 INFO     Sent 19622247962
2024-03-14 23:21:12,554 INFO     Sent 19622247961
2024-03-14 23:21:12,656 INFO     Sent 19622247960
2024-03-14 23:21:12,760 INFO     Sent 19622247959
2024-03-14 23:21:12,862 INFO     Sent 19622247958
2024-03-14 23:21:12,964 INFO     Sent 19622247957
2024-03-14 23:21:13,067 INFO     Sent 19622247956
2024-03-14 23:21:13,170 INFO     Sent 19622247955
2024-03-14 23:21:13,274 INFO     Sent 19622247954
2024-03-14 23:21:13,377 INFO     Sent 19622247953
2024-03-14 23:21:13,485 INFO     Sent 19622247952
2024-03-14 23:21:13,594 INFO     Sent 19622247951
2024-03-14 23:21:13,698 INFO     Sent 19622247950
2024-03-14 23:21:13,802 INFO     Sent 19622247949
2024-03-14 23:21:13,907 INFO     Sent 19622247948
2024-03-14 23:21:14,008 INFO     Sent 19622247947
2024-03-14 23:21:14,111 INFO     Sent 19622247946
2024-03-14 23:21:14,218 INFO     Sent 19622247945
2024-03-14 23:21:14,323 INFO     Sent 19622247944
2024-03-14 23:21:14,426 INFO     Sent 19622247943
2024-03-14 23:21:14,530 INFO     Sent 19622247942
2024-03-14 23:21:14,633 INFO     Sent 19622247941
2024-03-14 23:21:14,737 INFO     Sent 19622247940
2024-03-14 23:21:14,840 INFO     Sent 19622247939
2024-03-14 23:21:14,958 INFO     Sent 19622247938
2024-03-14 23:21:15,061 INFO     Sent 19622247937
2024-03-14 23:21:15,163 INFO     Sent 19622247936
2024-03-14 23:21:15,268 INFO     Sent 19622247935
2024-03-14 23:21:15,371 INFO     Sent 19622247934
2024-03-14 23:21:15,491 INFO     Sent 19622247933
2024-03-14 23:21:15,594 INFO     Sent 19622247931
2024-03-14 23:21:15,699 INFO     Sent 19622247930
2024-03-14 23:21:15,801 INFO     Sent 19622247929
2024-03-14 23:21:15,904 INFO     Sent 19622247928
2024-03-14 23:21:16,007 INFO     Sent 19622247927
2024-03-14 23:21:16,108 INFO     Sent 19622247926
2024-03-14 23:21:16,213 INFO     Sent 19622247925
2024-03-14 23:21:16,315 INFO     Sent 19622247924
2024-03-14 23:21:16,418 INFO     Sent 19622247923
2024-03-14 23:21:16,520 INFO     Sent 19622247922
2024-03-14 23:21:16,622 INFO     Sent 19622247920
2024-03-14 23:21:16,726 INFO     Sent 19622247919
2024-03-14 23:21:16,829 INFO     Sent 19622247918
2024-03-14 23:21:16,942 INFO     Sent 19622247917
2024-03-14 23:21:17,045 INFO     Sent 19622247916
2024-03-14 23:21:17,149 INFO     Sent 19622247915
2024-03-14 23:21:17,252 INFO     Sent 19622247914
2024-03-14 23:21:17,355 INFO     Sent 19622247913
2024-03-14 23:21:17,460 INFO     Sent 19622247912
2024-03-14 23:21:17,564 INFO     Sent 19622247911
2024-03-14 23:21:17,674 INFO     Sent 19622247910
2024-03-14 23:21:17,781 INFO     Sent 19622247909
2024-03-14 23:21:17,884 INFO     Sent 19622247908
2024-03-14 23:21:17,989 INFO     Sent 19622247907
2024-03-14 23:21:18,099 INFO     Sent 19622247906
2024-03-14 23:21:18,215 INFO     Sent 19622247905
2024-03-14 23:21:18,320 INFO     Sent 19622247904
2024-03-14 23:21:18,423 INFO     Sent 19622247903
2024-03-14 23:21:18,527 INFO     Sent 19622247902
2024-03-14 23:21:18,634 INFO     Sent 19622247901
2024-03-14 23:21:18,745 INFO     Sent 19622247900
2024-03-14 23:21:18,853 INFO     Sent 19622247899
2024-03-14 23:21:18,955 INFO     Sent 19622247898
2024-03-14 23:21:19,058 INFO     Sent 19622247897
2024-03-14 23:21:19,161 INFO     Sent 19622247896
2024-03-14 23:21:19,274 INFO     Sent 19622247895
2024-03-14 23:21:19,379 INFO     Sent 19622247894
2024-03-14 23:21:19,483 INFO     Sent 19622247893
2024-03-14 23:21:19,585 INFO     Sent 19622247892
2024-03-14 23:21:19,688 INFO     Sent 19622247890
2024-03-14 23:21:19,795 INFO     Sent 19622247889
2024-03-14 23:21:19,904 INFO     Sent 19622247888
2024-03-14 23:21:20,033 INFO     Sent 19622247887
2024-03-14 23:21:20,143 INFO     Sent 19622247886
2024-03-14 23:21:20,247 INFO     Sent 19622247885
2024-03-14 23:21:20,358 INFO     Sent 19622247884
2024-03-14 23:21:20,465 INFO     Sent 19622247883
2024-03-14 23:21:20,574 INFO     Sent 19622247882
2024-03-14 23:21:20,676 INFO     Sent 19622247881
2024-03-14 23:21:20,779 INFO     Sent 19622247880
2024-03-14 23:21:20,882 INFO     Sent 19622247879
2024-03-14 23:21:20,985 INFO     Sent 19622247878
2024-03-14 23:21:21,089 INFO     Sent 19622247877
2024-03-14 23:21:21,191 INFO     Sent 19622247876
2024-03-14 23:21:21,294 INFO     Sent 19622247875
2024-03-14 23:21:21,404 INFO     Sent 19622247874
2024-03-14 23:21:21,505 INFO     Sent 19622247873
2024-03-14 23:21:21,607 INFO     Sent 19622247872
2024-03-14 23:21:21,709 INFO     Sent 19622247871
2024-03-14 23:21:21,811 INFO     Sent 19622247870
2024-03-14 23:21:21,913 INFO     Sent 19622247869
2024-03-14 23:21:22,038 INFO     Sent 19622247868
2024-03-14 23:21:22,140 INFO     Sent 19622247867
2024-03-14 23:21:22,252 INFO     Sent 19622247866
2024-03-14 23:21:22,353 INFO     Sent 19622247865
2024-03-14 23:21:22,455 INFO     Sent 19622247864
2024-03-14 23:21:22,557 INFO     Sent 19622247863
2024-03-14 23:21:22,659 INFO     Sent 19622247862
2024-03-14 23:21:22,762 INFO     Sent 19622247861
2024-03-14 23:21:22,865 INFO     Sent 19622247860
2024-03-14 23:21:22,969 INFO     Sent 19622247859
2024-03-14 23:21:23,072 INFO     Sent 19622247858
2024-03-14 23:21:23,175 INFO     Sent 19622247857
2024-03-14 23:21:23,277 INFO     Sent 19622247856
2024-03-14 23:21:23,380 INFO     Sent 19622247855
2024-03-14 23:21:23,482 INFO     Sent 19622247854
2024-03-14 23:21:23,583 INFO     Sent 19622247853
2024-03-14 23:21:23,685 INFO     Sent 19622247852
2024-03-14 23:21:23,787 INFO     Sent 19622247851
2024-03-14 23:21:23,891 INFO     Sent 19622247850
2024-03-14 23:21:23,994 INFO     Sent 19622247849
2024-03-14 23:21:24,097 INFO     Sent 19622247848
2024-03-14 23:21:24,199 INFO     Sent 19622247847
2024-03-14 23:21:24,301 INFO     Sent 19622247846
2024-03-14 23:21:24,403 INFO     Sent 19622247845
2024-03-14 23:21:24,505 INFO     Sent 19622247844
2024-03-14 23:21:24,607 INFO     Sent 19622247843
2024-03-14 23:21:24,710 INFO     Sent 19622247842
2024-03-14 23:21:24,815 INFO     Sent 19622247841
2024-03-14 23:21:24,922 INFO     Sent 19622247840
2024-03-14 23:21:25,027 INFO     Sent 19622247839
2024-03-14 23:21:25,140 INFO     Sent 19622247838
2024-03-14 23:21:25,243 INFO     Sent 19622247837
2024-03-14 23:21:25,346 INFO     Sent 19622247836
2024-03-14 23:21:25,449 INFO     Sent 19622247835
2024-03-14 23:21:25,552 INFO     Sent 19622247834
2024-03-14 23:21:25,654 INFO     Sent 19622247833
2024-03-14 23:21:25,758 INFO     Sent 19622247832
2024-03-14 23:21:25,873 INFO     Sent 19622247831
2024-03-14 23:21:25,981 INFO     Sent 19622247830
2024-03-14 23:21:26,118 INFO     Sent 19622247829
2024-03-14 23:21:26,221 INFO     Sent 19622247828
2024-03-14 23:21:26,323 INFO     Sent 19622247827
2024-03-14 23:21:26,426 INFO     Sent 19622247826
2024-03-14 23:21:26,531 INFO     Sent 19622247825
2024-03-14 23:21:26,634 INFO     Sent 19622247824
2024-03-14 23:21:26,743 INFO     Sent 19622247823
2024-03-14 23:21:26,848 INFO     Sent 19622247822
2024-03-14 23:21:26,956 INFO     Sent 19622247821
2024-03-14 23:21:27,059 INFO     Sent 19622247820
2024-03-14 23:21:27,170 INFO     Sent 19622247819
2024-03-14 23:21:27,282 INFO     Sent 19622247818
2024-03-14 23:21:27,409 INFO     Sent 19622247817
2024-03-14 23:21:27,511 INFO     Sent 19622247816
2024-03-14 23:21:27,630 INFO     Sent 19622247815
2024-03-14 23:21:27,740 INFO     Sent 19622247814
2024-03-14 23:21:27,853 INFO     Sent 19622247813
2024-03-14 23:21:27,975 INFO     Sent 19622247812
2024-03-14 23:21:28,085 INFO     Sent 19622247811
2024-03-14 23:21:28,187 INFO     Sent 19622247810
2024-03-14 23:21:28,292 INFO     Sent 19622247809
2024-03-14 23:21:28,395 INFO     Sent 19622247808
2024-03-14 23:21:28,503 INFO     Sent 19622247807
2024-03-14 23:21:28,607 INFO     Sent 19622247806
2024-03-14 23:21:28,708 INFO     Sent 19622247805
2024-03-14 23:21:28,810 INFO     Sent 19622247804
2024-03-14 23:21:28,917 INFO     Sent 19622247803
2024-03-14 23:21:29,019 INFO     Sent 19622247802
2024-03-14 23:21:29,122 INFO     Sent 19622247801
2024-03-14 23:21:29,229 INFO     Sent 19622247800
2024-03-14 23:21:29,334 INFO     Sent 19622247799
2024-03-14 23:21:29,437 INFO     Sent 19622247798
2024-03-14 23:21:29,540 INFO     Sent 19622247797
2024-03-14 23:21:29,643 INFO     Sent 19622247796
2024-03-14 23:21:29,747 INFO     Sent 19622247795
2024-03-14 23:21:29,850 INFO     Sent 19622247794
2024-03-14 23:21:29,952 INFO     Sent 19622247793
2024-03-14 23:21:30,054 INFO     Sent 19622247792
2024-03-14 23:21:30,156 INFO     Sent 19622247791
2024-03-14 23:21:30,259 INFO     Sent 19622247790
2024-03-14 23:21:30,365 INFO     Sent 19622247789
2024-03-14 23:21:30,478 INFO     Sent 19622247788
2024-03-14 23:21:30,581 INFO     Sent 19622247787
2024-03-14 23:21:30,686 INFO     Sent 19622247786
2024-03-14 23:21:30,788 INFO     Sent 19622247785
2024-03-14 23:21:30,890 INFO     Sent 19622247784
2024-03-14 23:21:30,993 INFO     Sent 19622247783
2024-03-14 23:21:31,096 INFO     Sent 19622247782
2024-03-14 23:21:31,200 INFO     Sent 19622247781
2024-03-14 23:21:31,302 INFO     Sent 19622247780
2024-03-14 23:21:31,405 INFO     Sent 19622247779
2024-03-14 23:21:31,509 INFO     Sent 19622247778
2024-03-14 23:21:31,612 INFO     Sent 19622247777
2024-03-14 23:21:31,714 INFO     Sent 19622247776
2024-03-14 23:21:31,821 INFO     Sent 19622247775
2024-03-14 23:21:31,930 INFO     Sent 19622247774
2024-03-14 23:21:32,034 INFO     Sent 19622247773
2024-03-14 23:21:32,136 INFO     Sent 19622247772
2024-03-14 23:21:32,240 INFO     Sent 19622247771
2024-03-14 23:21:32,348 INFO     Sent 19622247770
2024-03-14 23:21:32,457 INFO     Sent 19622247769
2024-03-14 23:21:32,562 INFO     Sent 19622247768
2024-03-14 23:21:32,669 INFO     Sent 19622247767
2024-03-14 23:21:32,772 INFO     Sent 19622247766
2024-03-14 23:21:32,877 INFO     Sent 19622247765
2024-03-14 23:21:33,004 INFO     Sent 19622247764
2024-03-14 23:21:33,112 INFO     Sent 19622247763
2024-03-14 23:21:33,214 INFO     Sent 19622247762
2024-03-14 23:21:33,317 INFO     Sent 19622247761
2024-03-14 23:21:33,419 INFO     Sent 19622247760
2024-03-14 23:21:33,528 INFO     Sent 19622247759
2024-03-14 23:21:33,630 INFO     Sent 19622247758
2024-03-14 23:21:33,734 INFO     Sent 19622247757
2024-03-14 23:21:33,836 INFO     Sent 19622247756
2024-03-14 23:21:33,938 INFO     Sent 19622247755
2024-03-14 23:21:34,042 INFO     Sent 19622247754
2024-03-14 23:21:34,145 INFO     Sent 19622247753
2024-03-14 23:21:34,247 INFO     Sent 19622247752
2024-03-14 23:21:34,349 INFO     Sent 19622247751
2024-03-14 23:21:34,451 INFO     Sent 19622247750
2024-03-14 23:21:34,554 INFO     Sent 19622247749
2024-03-14 23:21:34,661 INFO     Sent 19622247748
2024-03-14 23:21:34,764 INFO     Sent 19622247747
2024-03-14 23:21:34,867 INFO     Sent 19622247746
2024-03-14 23:21:34,969 INFO     Sent 19622247745
2024-03-14 23:21:35,070 INFO     Sent 19622247744
2024-03-14 23:21:35,176 INFO     Sent 19622247743
2024-03-14 23:21:35,280 INFO     Sent 19622247742
2024-03-14 23:21:35,383 INFO     Sent 19622247741
2024-03-14 23:21:35,485 INFO     Sent 19622247740
2024-03-14 23:21:35,586 INFO     Sent 19622247739
2024-03-14 23:21:35,688 INFO     Sent 19622247738
2024-03-14 23:21:35,792 INFO     Sent 19622247737
2024-03-14 23:21:35,895 INFO     Sent 19622247736
2024-03-14 23:21:35,999 INFO     Sent 19622247735
2024-03-14 23:21:36,101 INFO     Sent 19622247734
2024-03-14 23:21:36,204 INFO     Sent 19622247733
2024-03-14 23:21:36,306 INFO     Sent 19622247732
2024-03-14 23:21:36,408 INFO     Sent 19622247731
2024-03-14 23:21:36,511 INFO     Sent 19622247730
2024-03-14 23:21:36,614 INFO     Sent 19622247729
2024-03-14 23:21:36,716 INFO     Sent 19622247728
2024-03-14 23:21:36,819 INFO     Sent 19622247727
2024-03-14 23:21:36,922 INFO     Sent 19622247726
2024-03-14 23:21:37,024 INFO     Sent 19622247725
2024-03-14 23:21:37,127 INFO     Sent 19622247723
2024-03-14 23:21:37,229 INFO     Sent 19622247722
2024-03-14 23:21:37,334 INFO     Sent 19622247721
2024-03-14 23:21:37,440 INFO     Sent 19622247720
2024-03-14 23:21:37,547 INFO     Sent 19622247719
2024-03-14 23:21:37,656 INFO     Sent 19622247718
2024-03-14 23:21:37,760 INFO     Sent 19622247717
2024-03-14 23:21:37,867 INFO     Sent 19622247716
2024-03-14 23:21:37,972 INFO     Sent 19622247715
2024-03-14 23:21:38,077 INFO     Sent 19622247714
2024-03-14 23:21:38,193 INFO     Sent 19622247713
2024-03-14 23:21:38,298 INFO     Sent 19622247712
2024-03-14 23:21:38,409 INFO     Sent 19622247711
2024-03-14 23:21:38,517 INFO     Sent 19622247710
2024-03-14 23:21:38,623 INFO     Sent 19622247709
2024-03-14 23:21:38,725 INFO     Sent 19622247708
2024-03-14 23:21:38,837 INFO     Sent 19622247706
2024-03-14 23:21:38,941 INFO     Sent 19622247705
2024-03-14 23:21:39,044 INFO     Sent 19622247704
2024-03-14 23:21:39,151 INFO     Sent 19622247703
2024-03-14 23:21:39,271 INFO     Sent 19622247702
2024-03-14 23:21:39,380 INFO     Sent 19622247701
2024-03-14 23:21:39,513 INFO     Sent 19622247700
2024-03-14 23:21:39,621 INFO     Sent 19622247699
2024-03-14 23:21:39,724 INFO     Sent 19622247698
2024-03-14 23:21:39,829 INFO     Sent 19622247697
2024-03-14 23:21:39,937 INFO     Sent 19622247696
2024-03-14 23:21:40,050 INFO     Sent 19622247695
2024-03-14 23:21:40,152 INFO     Sent 19622247694
2024-03-14 23:21:40,255 INFO     Sent 19622247693
2024-03-14 23:21:40,357 INFO     Sent 19622247692
2024-03-14 23:21:40,459 INFO     Sent 19622247691
2024-03-14 23:21:40,561 INFO     Sent 19622247690
2024-03-14 23:21:40,665 INFO     Sent 19622247689
2024-03-14 23:21:40,768 INFO     Sent 19622247688
2024-03-14 23:21:40,872 INFO     Sent 19622247687
2024-03-14 23:21:40,974 INFO     Sent 19622247686
2024-03-14 23:21:41,077 INFO     Sent 19622247685
2024-03-14 23:21:41,179 INFO     Sent 19622247684
2024-03-14 23:21:41,281 INFO     Sent 19622247683
2024-03-14 23:21:41,386 INFO     Sent 19622247682
2024-03-14 23:21:41,487 INFO     Sent 19622247681
2024-03-14 23:21:41,594 INFO     Sent 19622247680
2024-03-14 23:21:41,717 INFO     Sent 19622247679
2024-03-14 23:21:41,834 INFO     Sent 19622247678
2024-03-14 23:21:41,940 INFO     Sent 19622247677
2024-03-14 23:21:42,048 INFO     Sent 19622247676
2024-03-14 23:21:42,155 INFO     Sent 19622247675
2024-03-14 23:21:42,258 INFO     Sent 19622247674
2024-03-14 23:21:42,361 INFO     Sent 19622247673
2024-03-14 23:21:42,464 INFO     Sent 19622247672
2024-03-14 23:21:42,580 INFO     Sent 19622247671
2024-03-14 23:21:42,683 INFO     Sent 19622247670
2024-03-14 23:21:42,786 INFO     Sent 19622247669
2024-03-14 23:21:42,891 INFO     Sent 19622247668
2024-03-14 23:21:42,994 INFO     Sent 19622247667
2024-03-14 23:21:43,106 INFO     Sent 19622247666
2024-03-14 23:21:43,210 INFO     Sent 19622247665
2024-03-14 23:21:43,314 INFO     Sent 19622247664
2024-03-14 23:21:43,417 INFO     Sent 19622247663
2024-03-14 23:21:43,521 INFO     Sent 19622247662
2024-03-14 23:21:43,621 INFO     Sent 19622247661
2024-03-14 23:21:43,725 INFO     Sent 19622247660
2024-03-14 23:21:43,827 INFO     Sent 19622247659
2024-03-14 23:21:43,930 INFO     Sent 19622247658
2024-03-14 23:21:44,031 INFO     Sent 19622247657
2024-03-14 23:21:44,142 INFO     Sent 19622247656
2024-03-14 23:21:44,245 INFO     Sent 19622247655
2024-03-14 23:21:44,348 INFO     Sent 19622247654
2024-03-14 23:21:44,451 INFO     Sent 19622247653
2024-03-14 23:21:44,553 INFO     Sent 19622247652
2024-03-14 23:21:44,660 INFO     Sent 19622247651
2024-03-14 23:21:44,762 INFO     Sent 19622247650
2024-03-14 23:21:44,874 INFO     Sent 19622247649
2024-03-14 23:21:44,976 INFO     Sent 19622247648
2024-03-14 23:21:45,084 INFO     Sent 19622247647
2024-03-14 23:21:45,187 INFO     Sent 19622247646
2024-03-14 23:21:45,311 INFO     Sent 19622247645
2024-03-14 23:21:45,419 INFO     Sent 19622247644
2024-03-14 23:21:45,553 INFO     Sent 19622247643
2024-03-14 23:21:45,662 INFO     Sent 19622247642
2024-03-14 23:21:45,765 INFO     Sent 19622247641
2024-03-14 23:21:45,869 INFO     Sent 19622247640
2024-03-14 23:21:45,974 INFO     Sent 19622247639
2024-03-14 23:21:46,078 INFO     Sent 19622247638
2024-03-14 23:21:46,182 INFO     Sent 19622247637
2024-03-14 23:21:46,284 INFO     Sent 19622247636
2024-03-14 23:21:46,388 INFO     Sent 19622247635
2024-03-14 23:21:46,495 INFO     Sent 19622247634
2024-03-14 23:21:46,612 INFO     Sent 19622247633
2024-03-14 23:21:46,718 INFO     Sent 19622247632
2024-03-14 23:21:46,823 INFO     Sent 19622247631
2024-03-14 23:21:46,931 INFO     Sent 19622247630
2024-03-14 23:21:47,036 INFO     Sent 19622247629
2024-03-14 23:21:47,138 INFO     Sent 19622247628
2024-03-14 23:21:47,242 INFO     Sent 19622247627
2024-03-14 23:21:47,352 INFO     Sent 19622247626
2024-03-14 23:21:47,456 INFO     Sent 19622247625
2024-03-14 23:21:47,564 INFO     Sent 19622247624
2024-03-14 23:21:47,668 INFO     Sent 19622247623
2024-03-14 23:21:47,776 INFO     Sent 19622247622
2024-03-14 23:21:47,878 INFO     Sent 19622247621
2024-03-14 23:21:47,989 INFO     Sent 19622247620
2024-03-14 23:21:48,092 INFO     Sent 19622247619
2024-03-14 23:21:48,197 INFO     Sent 19622247618
2024-03-14 23:21:48,301 INFO     Sent 19622247617
2024-03-14 23:21:48,403 INFO     Sent 19622247616
2024-03-14 23:21:48,511 INFO     Sent 19622247615
2024-03-14 23:21:48,622 INFO     Sent 19622247614
2024-03-14 23:21:48,726 INFO     Sent 19622247613
2024-03-14 23:21:48,831 INFO     Sent 19622247612
2024-03-14 23:21:48,935 INFO     Sent 19622247611
2024-03-14 23:21:49,037 INFO     Sent 19622247610
2024-03-14 23:21:49,140 INFO     Sent 19622247609
2024-03-14 23:21:49,241 INFO     Sent 19622247608
2024-03-14 23:21:49,344 INFO     Sent 19622247607
2024-03-14 23:21:49,447 INFO     Sent 19622247606
2024-03-14 23:21:49,552 INFO     Sent 19622247605
2024-03-14 23:21:49,654 INFO     Sent 19622247604
2024-03-14 23:21:49,765 INFO     Sent 19622247603
2024-03-14 23:21:49,869 INFO     Sent 19622247602
2024-03-14 23:21:49,982 INFO     Sent 19622247601
2024-03-14 23:21:50,087 INFO     Sent 19622247600
2024-03-14 23:21:50,191 INFO     Sent 19622247599
2024-03-14 23:21:50,297 INFO     Sent 19622247598
2024-03-14 23:21:50,400 INFO     Sent 19622247597
2024-03-14 23:21:50,502 INFO     Sent 19622247596
2024-03-14 23:21:50,605 INFO     Sent 19622247595
2024-03-14 23:21:50,709 INFO     Sent 19622247594
2024-03-14 23:21:50,815 INFO     Sent 19622247593
2024-03-14 23:21:50,922 INFO     Sent 19622247592
2024-03-14 23:21:51,025 INFO     Sent 19622247591
2024-03-14 23:21:51,135 INFO     Sent 19622247590
2024-03-14 23:21:51,237 INFO     Sent 19622247589
2024-03-14 23:21:51,338 INFO     Sent 19622247588
2024-03-14 23:21:51,441 INFO     Sent 19622247587
2024-03-14 23:21:51,542 INFO     Sent 19622247586
2024-03-14 23:21:51,647 INFO     Sent 19622247585
2024-03-14 23:21:51,750 INFO     Sent 19622247584
2024-03-14 23:21:51,853 INFO     Sent 19622247583
2024-03-14 23:21:51,961 INFO     Sent 19622247582
2024-03-14 23:21:52,066 INFO     Sent 19622247581
2024-03-14 23:21:52,169 INFO     Sent 19622247580
2024-03-14 23:21:52,279 INFO     Sent 19622247579
2024-03-14 23:21:52,389 INFO     Sent 19622247578
2024-03-14 23:21:52,493 INFO     Sent 19622247577
2024-03-14 23:21:52,597 INFO     Sent 19622247576
2024-03-14 23:21:52,702 INFO     Sent 19622247575
2024-03-14 23:21:52,804 INFO     Sent 19622247574
2024-03-14 23:21:52,907 INFO     Sent 19622247573
2024-03-14 23:21:53,010 INFO     Sent 19622247572
2024-03-14 23:21:53,111 INFO     Sent 19622247571
2024-03-14 23:21:53,214 INFO     Sent 19622247570
2024-03-14 23:21:53,315 INFO     Sent 19622247569
2024-03-14 23:21:53,419 INFO     Sent 19622247568
2024-03-14 23:21:53,520 INFO     Sent 19622247567
2024-03-14 23:21:53,624 INFO     Sent 19622247566
2024-03-14 23:21:53,725 INFO     Sent 19622247565
2024-03-14 23:21:53,827 INFO     Sent 19622247564
2024-03-14 23:21:53,933 INFO     Sent 19622247563
2024-03-14 23:21:54,035 INFO     Sent 19622247562
2024-03-14 23:21:54,138 INFO     Sent 19622247561
2024-03-14 23:21:54,240 INFO     Sent 19622247560
2024-03-14 23:21:54,344 INFO     Sent 19622247559
2024-03-14 23:21:54,454 INFO     Sent 19622247558
2024-03-14 23:21:54,557 INFO     Sent 19622247557
2024-03-14 23:21:54,664 INFO     Sent 19622247556
2024-03-14 23:21:54,767 INFO     Sent 19622247555
2024-03-14 23:21:54,870 INFO     Sent 19622247554
2024-03-14 23:21:54,981 INFO     Sent 19622247553
2024-03-14 23:21:55,092 INFO     Sent 19622247552
2024-03-14 23:21:55,197 INFO     Sent 19622247551
2024-03-14 23:21:55,301 INFO     Sent 19622247550
2024-03-14 23:21:55,404 INFO     Sent 19622247549
2024-03-14 23:21:55,508 INFO     Sent 19622247548
2024-03-14 23:21:55,609 INFO     Sent 19622247547
2024-03-14 23:21:55,712 INFO     Sent 19622247546
2024-03-14 23:21:55,815 INFO     Sent 19622247545
2024-03-14 23:21:55,917 INFO     Sent 19622247544
2024-03-14 23:21:56,021 INFO     Sent 19622247543
2024-03-14 23:21:56,123 INFO     Sent 19622247541
2024-03-14 23:21:56,225 INFO     Sent 19622247540
2024-03-14 23:21:56,328 INFO     Sent 19622247539
2024-03-14 23:21:56,434 INFO     Sent 19622247538
2024-03-14 23:21:56,536 INFO     Sent 19622247537
2024-03-14 23:21:56,638 INFO     Sent 19622247536
2024-03-14 23:21:56,740 INFO     Sent 19622247535
2024-03-14 23:21:56,841 INFO     Sent 19622247534
2024-03-14 23:21:56,943 INFO     Sent 19622247533
2024-03-14 23:21:57,046 INFO     Sent 19622247532
2024-03-14 23:21:57,147 INFO     Sent 19622247531
2024-03-14 23:21:57,250 INFO     Sent 19622247530
2024-03-14 23:21:57,352 INFO     Sent 19622247529
2024-03-14 23:21:57,455 INFO     Sent 19622247528
2024-03-14 23:21:57,558 INFO     Sent 19622247527
2024-03-14 23:21:57,661 INFO     Sent 19622247526
2024-03-14 23:21:57,778 INFO     Sent 19622247525
2024-03-14 23:21:57,881 INFO     Sent 19622247524
2024-03-14 23:21:57,989 INFO     Sent 19622247523
2024-03-14 23:21:58,095 INFO     Sent 19622247522
2024-03-14 23:21:58,205 INFO     Sent 19622247521
2024-03-14 23:21:58,307 INFO     Sent 19622247520
2024-03-14 23:21:58,410 INFO     Sent 19622247519
2024-03-14 23:21:58,515 INFO     Sent 19622247518
2024-03-14 23:21:58,618 INFO     Sent 19622247517
2024-03-14 23:21:58,720 INFO     Sent 19622247516
2024-03-14 23:21:58,823 INFO     Sent 19622247515
2024-03-14 23:21:58,925 INFO     Sent 19622247513
2024-03-14 23:21:59,027 INFO     Sent 19622247512
2024-03-14 23:21:59,130 INFO     Sent 19622247511
2024-03-14 23:21:59,232 INFO     Sent 19622247510
2024-03-14 23:21:59,336 INFO     Sent 19622247509
2024-03-14 23:21:59,439 INFO     Sent 19622247508
2024-03-14 23:21:59,541 INFO     Sent 19622247507
2024-03-14 23:21:59,644 INFO     Sent 19622247506
2024-03-14 23:21:59,746 INFO     Sent 19622247505
2024-03-14 23:21:59,847 INFO     Sent 19622247504
2024-03-14 23:21:59,949 INFO     Sent 19622247503
2024-03-14 23:22:00,051 INFO     Sent 19622247502
2024-03-14 23:22:00,152 INFO     Sent 19622247501
2024-03-14 23:22:00,256 INFO     Sent 19622247500
2024-03-14 23:22:00,358 INFO     Sent 19622247499
2024-03-14 23:22:00,459 INFO     Sent 19622247498
2024-03-14 23:22:00,561 INFO     Sent 19622247497
2024-03-14 23:22:00,666 INFO     Sent 19622247496
2024-03-14 23:22:00,771 INFO     Sent 19622247495
2024-03-14 23:22:00,878 INFO     Sent 19622247493
2024-03-14 23:22:00,982 INFO     Sent 19622247492
2024-03-14 23:22:01,084 INFO     Sent 19622247491
2024-03-14 23:22:01,187 INFO     Sent 19622247489
2024-03-14 23:22:01,289 INFO     Sent 19622247488
2024-03-14 23:22:01,393 INFO     Sent 19622247487
2024-03-14 23:22:01,504 INFO     Sent 19622247486
2024-03-14 23:22:01,609 INFO     Sent 19622247485
2024-03-14 23:22:01,719 INFO     Sent 19622247484
2024-03-14 23:22:01,829 INFO     Sent 19622247483
2024-03-14 23:22:01,941 INFO     Sent 19622247482
2024-03-14 23:22:02,047 INFO     Sent 19622247481
2024-03-14 23:22:02,149 INFO     Sent 19622247480
2024-03-14 23:22:02,251 INFO     Sent 19622247479
2024-03-14 23:22:02,354 INFO     Sent 19622247478
2024-03-14 23:22:02,466 INFO     Sent 19622247477
2024-03-14 23:22:02,568 INFO     Sent 19622247475
2024-03-14 23:22:02,671 INFO     Sent 19622247474
2024-03-14 23:22:02,774 INFO     Sent 19622247473
2024-03-14 23:22:02,886 INFO     Sent 19622247472
2024-03-14 23:22:02,991 INFO     Sent 19622247471
2024-03-14 23:22:03,095 INFO     Sent 19622247470
2024-03-14 23:22:03,204 INFO     Sent 19622247469
2024-03-14 23:22:03,311 INFO     Sent 19622247468
2024-03-14 23:22:03,417 INFO     Sent 19622247467
2024-03-14 23:22:03,521 INFO     Sent 19622247466
2024-03-14 23:22:03,623 INFO     Sent 19622247465
2024-03-14 23:22:03,728 INFO     Sent 19622247464
2024-03-14 23:22:03,834 INFO     Sent 19622247463
2024-03-14 23:22:03,938 INFO     Sent 19622247462
2024-03-14 23:22:04,048 INFO     Sent 19622247461
2024-03-14 23:22:04,154 INFO     Sent 19622247460
2024-03-14 23:22:04,263 INFO     Sent 19622247459
2024-03-14 23:22:04,369 INFO     Sent 19622247458
2024-03-14 23:22:04,471 INFO     Sent 19622247457
2024-03-14 23:22:04,573 INFO     Sent 19622247456
2024-03-14 23:22:04,698 INFO     Sent 19622247455
2024-03-14 23:22:04,893 INFO     Sent 19622247454
2024-03-14 23:22:04,994 INFO     Sent 19622247453
2024-03-14 23:22:05,097 INFO     Sent 19622247452
2024-03-14 23:22:05,199 INFO     Sent 19622247451
2024-03-14 23:22:05,302 INFO     Sent 19622247450
2024-03-14 23:22:05,404 INFO     Sent 19622247449
2024-03-14 23:22:05,507 INFO     Sent 19622247448
2024-03-14 23:22:05,614 INFO     Sent 19622247447
2024-03-14 23:22:05,718 INFO     Sent 19622247446
2024-03-14 23:22:05,819 INFO     Sent 19622247445
2024-03-14 23:22:05,924 INFO     Sent 19622247444
2024-03-14 23:22:06,030 INFO     Sent 19622247443
2024-03-14 23:22:06,136 INFO     Sent 19622247442
2024-03-14 23:22:06,252 INFO     Sent 19622247441
2024-03-14 23:22:06,356 INFO     Sent 19622247440
2024-03-14 23:22:06,460 INFO     Sent 19622247439
2024-03-14 23:22:06,564 INFO     Sent 19622247438
2024-03-14 23:22:06,667 INFO     Sent 19622247437
2024-03-14 23:22:06,772 INFO     Sent 19622247436
2024-03-14 23:22:06,878 INFO     Sent 19622247435
2024-03-14 23:22:06,984 INFO     Sent 19622247434
2024-03-14 23:22:07,089 INFO     Sent 19622247433
2024-03-14 23:22:07,193 INFO     Sent 19622247432
2024-03-14 23:22:07,315 INFO     Sent 19622247431
2024-03-14 23:22:07,417 INFO     Sent 19622247430
2024-03-14 23:22:07,521 INFO     Sent 19622247429
2024-03-14 23:22:07,625 INFO     Sent 19622247428
2024-03-14 23:22:07,730 INFO     Sent 19622247427
2024-03-14 23:22:07,834 INFO     Sent 19622247426
2024-03-14 23:22:07,936 INFO     Sent 19622247425
2024-03-14 23:22:08,041 INFO     Sent 19622247424
2024-03-14 23:22:08,146 INFO     Sent 19622247423
2024-03-14 23:22:08,250 INFO     Sent 19622247422
2024-03-14 23:22:08,353 INFO     Sent 19622247421
2024-03-14 23:22:08,457 INFO     Sent 19622247419
2024-03-14 23:22:08,562 INFO     Sent 19622247418
2024-03-14 23:22:08,667 INFO     Sent 19622247417
2024-03-14 23:22:08,775 INFO     Sent 19622247416
2024-03-14 23:22:08,882 INFO     Sent 19622247415
2024-03-14 23:22:08,987 INFO     Sent 19622247414
2024-03-14 23:22:09,090 INFO     Sent 19622247413
2024-03-14 23:22:09,192 INFO     Sent 19622247412
2024-03-14 23:22:09,302 INFO     Sent 19622247411
2024-03-14 23:22:09,406 INFO     Sent 19622247410
2024-03-14 23:22:09,511 INFO     Sent 19622247409
2024-03-14 23:22:09,618 INFO     Sent 19622247408
2024-03-14 23:22:09,721 INFO     Sent 19622247407
2024-03-14 23:22:09,825 INFO     Sent 19622247406
2024-03-14 23:22:09,928 INFO     Sent 19622247405
2024-03-14 23:22:10,031 INFO     Sent 19622247404
2024-03-14 23:22:10,139 INFO     Sent 19622247403
2024-03-14 23:22:10,244 INFO     Sent 19622247402
2024-03-14 23:22:10,349 INFO     Sent 19622247401
2024-03-14 23:22:10,451 INFO     Sent 19622247400
2024-03-14 23:22:10,554 INFO     Sent 19622247399
2024-03-14 23:22:10,669 INFO     Sent 19622247398
2024-03-14 23:22:10,785 INFO     Sent 19622247397
2024-03-14 23:22:10,894 INFO     Sent 19622247396
2024-03-14 23:22:11,002 INFO     Sent 19622247395
2024-03-14 23:22:11,112 INFO     Sent 19622247394
2024-03-14 23:22:11,219 INFO     Sent 19622247393
2024-03-14 23:22:11,321 INFO     Sent 19622247392
2024-03-14 23:22:11,431 INFO     Sent 19622247391
2024-03-14 23:22:11,535 INFO     Sent 19622247390
2024-03-14 23:22:11,662 INFO     Sent 19622247389
2024-03-14 23:22:11,776 INFO     Sent 19622247388
2024-03-14 23:22:11,878 INFO     Sent 19622247387
2024-03-14 23:22:11,982 INFO     Sent 19622247386
2024-03-14 23:22:12,085 INFO     Sent 19622247385
2024-03-14 23:22:12,193 INFO     Sent 19622247384
2024-03-14 23:22:12,296 INFO     Sent 19622247383
2024-03-14 23:22:12,420 INFO     Sent 19622247382
2024-03-14 23:22:12,528 INFO     Sent 19622247381
2024-03-14 23:22:12,637 INFO     Sent 19622247380
2024-03-14 23:22:12,745 INFO     Sent 19622247379
2024-03-14 23:22:12,852 INFO     Sent 19622247378
2024-03-14 23:22:12,956 INFO     Sent 19622247377
2024-03-14 23:22:13,066 INFO     Sent 19622247376
2024-03-14 23:22:13,173 INFO     Sent 19622247375
2024-03-14 23:22:13,284 INFO     Sent 19622247374
2024-03-14 23:22:13,390 INFO     Sent 19622247373
2024-03-14 23:22:13,499 INFO     Sent 19622247372
2024-03-14 23:22:13,605 INFO     Sent 19622247371
2024-03-14 23:22:13,710 INFO     Sent 19622247370
2024-03-14 23:22:13,815 INFO     Sent 19622247369
2024-03-14 23:22:13,917 INFO     Sent 19622247368
2024-03-14 23:22:14,025 INFO     Sent 19622247367
2024-03-14 23:22:14,126 INFO     Sent 19622247366
2024-03-14 23:22:14,233 INFO     Sent 19622247365
2024-03-14 23:22:14,335 INFO     Sent 19622247364
2024-03-14 23:22:14,445 INFO     Sent 19622247363
2024-03-14 23:22:14,548 INFO     Sent 19622247362
2024-03-14 23:22:14,651 INFO     Sent 19622247361
2024-03-14 23:22:14,767 INFO     Sent 19622247360
2024-03-14 23:22:14,869 INFO     Sent 19622247359
2024-03-14 23:22:14,973 INFO     Sent 19622247358
2024-03-14 23:22:15,074 INFO     Sent 19622247357
2024-03-14 23:22:15,178 INFO     Sent 19622247356
2024-03-14 23:22:15,290 INFO     Sent 19622247355
2024-03-14 23:22:15,395 INFO     Sent 19622247354
2024-03-14 23:22:15,502 INFO     Sent 19622247353
2024-03-14 23:22:15,606 INFO     Sent 19622247352
2024-03-14 23:22:15,711 INFO     Sent 19622247351
2024-03-14 23:22:15,815 INFO     Sent 19622247350
2024-03-14 23:22:15,920 INFO     Sent 19622247349
2024-03-14 23:22:16,023 INFO     Sent 19622247348
2024-03-14 23:22:16,125 INFO     Sent 19622247347
2024-03-14 23:22:16,253 INFO     Sent 19622247346
2024-03-14 23:22:16,378 INFO     Sent 19622247345
2024-03-14 23:22:16,482 INFO     Sent 19622247344
2024-03-14 23:22:16,584 INFO     Sent 19622247343
2024-03-14 23:22:16,688 INFO     Sent 19622247341
2024-03-14 23:22:16,792 INFO     Sent 19622247340
2024-03-14 23:22:16,897 INFO     Sent 19622247339
2024-03-14 23:22:16,999 INFO     Sent 19622247338
2024-03-14 23:22:17,103 INFO     Sent 19622247337
2024-03-14 23:22:17,206 INFO     Sent 19622247336
2024-03-14 23:22:17,308 INFO     Sent 19622247335
2024-03-14 23:22:17,413 INFO     Sent 19622247334
2024-03-14 23:22:17,516 INFO     Sent 19622247333
2024-03-14 23:22:17,617 INFO     Sent 19622247332
2024-03-14 23:22:17,718 INFO     Sent 19622247331
2024-03-14 23:22:17,820 INFO     Sent 19622247330
2024-03-14 23:22:17,922 INFO     Sent 19622247329
2024-03-14 23:22:18,025 INFO     Sent 19622247328
2024-03-14 23:22:18,127 INFO     Sent 19622247327
2024-03-14 23:22:18,230 INFO     Sent 19622247326
2024-03-14 23:22:18,332 INFO     Sent 19622247325
2024-03-14 23:22:18,433 INFO     Sent 19622247324
2024-03-14 23:22:18,537 INFO     Sent 19622247323
2024-03-14 23:22:18,639 INFO     Sent 19622247322
2024-03-14 23:22:18,742 INFO     Sent 19622247321
2024-03-14 23:22:18,855 INFO     Sent 19622247320
2024-03-14 23:22:18,959 INFO     Sent 19622247319
2024-03-14 23:22:19,063 INFO     Sent 19622247318
2024-03-14 23:22:19,166 INFO     Sent 19622247317
2024-03-14 23:22:19,269 INFO     Sent 19622247316
2024-03-14 23:22:19,372 INFO     Sent 19622247315
2024-03-14 23:22:19,476 INFO     Sent 19622247314
2024-03-14 23:22:19,582 INFO     Sent 19622247313
2024-03-14 23:22:19,685 INFO     Sent 19622247312
2024-03-14 23:22:19,788 INFO     Sent 19622247311
2024-03-14 23:22:19,894 INFO     Sent 19622247310
2024-03-14 23:22:19,997 INFO     Sent 19622247309
2024-03-14 23:22:20,100 INFO     Sent 19622247308
2024-03-14 23:22:20,203 INFO     Sent 19622247307
2024-03-14 23:22:20,305 INFO     Sent 19622247306
2024-03-14 23:22:20,412 INFO     Sent 19622247305
2024-03-14 23:22:20,517 INFO     Sent 19622247304
2024-03-14 23:22:20,619 INFO     Sent 19622247303
2024-03-14 23:22:20,721 INFO     Sent 19622247302
2024-03-14 23:22:20,831 INFO     Sent 19622247301
2024-03-14 23:22:20,935 INFO     Sent 19622247300
2024-03-14 23:22:21,040 INFO     Sent 19622247299
2024-03-14 23:22:21,142 INFO     Sent 19622247298
2024-03-14 23:22:21,263 INFO     Sent 19622247297
2024-03-14 23:22:21,373 INFO     Sent 19622247296
2024-03-14 23:22:21,496 INFO     Sent 19622247294
2024-03-14 23:22:21,599 INFO     Sent 19622247293
2024-03-14 23:22:21,724 INFO     Sent 19622247292
2024-03-14 23:22:21,835 INFO     Sent 19622247291
2024-03-14 23:22:21,937 INFO     Sent 19622247290
2024-03-14 23:22:22,049 INFO     Sent 19622247288
2024-03-14 23:22:22,159 INFO     Sent 19622247287
2024-03-14 23:22:22,271 INFO     Sent 19622247286
2024-03-14 23:22:22,385 INFO     Sent 19622247285
2024-03-14 23:22:22,489 INFO     Sent 19622247284
2024-03-14 23:22:22,606 INFO     Sent 19622247283
2024-03-14 23:22:22,719 INFO     Sent 19622247282
2024-03-14 23:22:22,841 INFO     Sent 19622247281
2024-03-14 23:22:22,953 INFO     Sent 19622247280
2024-03-14 23:22:23,063 INFO     Sent 19622247279
2024-03-14 23:22:23,169 INFO     Sent 19622247278
2024-03-14 23:22:23,272 INFO     Sent 19622247277
2024-03-14 23:22:23,374 INFO     Sent 19622247276
2024-03-14 23:22:23,478 INFO     Sent 19622247275
2024-03-14 23:22:23,582 INFO     Sent 19622247274
2024-03-14 23:22:23,687 INFO     Sent 19622247273
2024-03-14 23:22:23,792 INFO     Sent 19622247272
2024-03-14 23:22:23,906 INFO     Sent 19622247271
2024-03-14 23:22:24,010 INFO     Sent 19622247270
2024-03-14 23:22:24,127 INFO     Sent 19622247269
2024-03-14 23:22:24,233 INFO     Sent 19622247268
2024-03-14 23:22:24,345 INFO     Sent 19622247267
2024-03-14 23:22:24,461 INFO     Sent 19622247266
2024-03-14 23:22:24,573 INFO     Sent 19622247265
2024-03-14 23:22:24,684 INFO     Sent 19622247264
2024-03-14 23:22:24,815 INFO     Sent 19622247263
2024-03-14 23:22:24,917 INFO     Sent 19622247262
2024-03-14 23:22:25,038 INFO     Sent 19622247261
2024-03-14 23:22:25,166 INFO     Sent 19622247260
2024-03-14 23:22:25,268 INFO     Sent 19622247259
2024-03-14 23:22:25,394 INFO     Sent 19622247258
2024-03-14 23:22:25,515 INFO     Sent 19622247257
2024-03-14 23:22:25,642 INFO     Sent 19622247256
2024-03-14 23:22:25,745 INFO     Sent 19622247255
2024-03-14 23:22:25,863 INFO     Sent 19622247254
2024-03-14 23:22:25,974 INFO     Sent 19622247253
2024-03-14 23:22:26,078 INFO     Sent 19622247252
2024-03-14 23:22:26,185 INFO     Sent 19622247251
2024-03-14 23:22:26,289 INFO     Sent 19622247250
2024-03-14 23:22:26,393 INFO     Sent 19622247249
2024-03-14 23:22:26,496 INFO     Sent 19622247248
2024-03-14 23:22:26,605 INFO     Sent 19622247247
2024-03-14 23:22:26,716 INFO     Sent 19622247246
2024-03-14 23:22:26,821 INFO     Sent 19622247245
2024-03-14 23:22:26,926 INFO     Sent 19622247244
2024-03-14 23:22:27,031 INFO     Sent 19622247243
2024-03-14 23:22:27,133 INFO     Sent 19622247242
2024-03-14 23:22:27,235 INFO     Sent 19622247241
2024-03-14 23:22:27,336 INFO     Sent 19622247240
2024-03-14 23:22:27,439 INFO     Sent 19622247239
2024-03-14 23:22:27,543 INFO     Sent 19622247238
2024-03-14 23:22:27,645 INFO     Sent 19622247237
2024-03-14 23:22:27,748 INFO     Sent 19622247236
2024-03-14 23:22:27,852 INFO     Sent 19622247235
2024-03-14 23:22:27,954 INFO     Sent 19622247234
2024-03-14 23:22:28,056 INFO     Sent 19622247233
2024-03-14 23:22:28,159 INFO     Sent 19622247232
2024-03-14 23:22:28,263 INFO     Sent 19622247231
2024-03-14 23:22:28,372 INFO     Sent 19622247230
2024-03-14 23:22:28,474 INFO     Sent 19622247229
2024-03-14 23:22:28,576 INFO     Sent 19622247228
2024-03-14 23:22:28,687 INFO     Sent 19622247227
2024-03-14 23:22:28,791 INFO     Sent 19622247226
2024-03-14 23:22:28,894 INFO     Sent 19622247225
2024-03-14 23:22:29,000 INFO     Sent 19622247224
2024-03-14 23:22:29,139 INFO     Sent 19622247223
2024-03-14 23:22:29,241 INFO     Sent 19622247222
2024-03-14 23:22:29,394 INFO     Sent 19622247221
2024-03-14 23:22:29,521 INFO     Sent 19622247220
2024-03-14 23:22:29,623 INFO     Sent 19622247219
2024-03-14 23:22:29,741 INFO     Sent 19622247218
2024-03-14 23:22:29,847 INFO     Sent 19622247217
2024-03-14 23:22:29,954 INFO     Sent 19622247216
2024-03-14 23:22:30,059 INFO     Sent 19622247215
2024-03-14 23:22:30,165 INFO     Sent 19622247214
2024-03-14 23:22:30,267 INFO     Sent 19622247213
2024-03-14 23:22:30,371 INFO     Sent 19622247212
2024-03-14 23:22:30,474 INFO     Sent 19622247211
2024-03-14 23:22:30,577 INFO     Sent 19622247210
2024-03-14 23:22:30,688 INFO     Sent 19622247209
2024-03-14 23:22:30,795 INFO     Sent 19622247208
2024-03-14 23:22:30,898 INFO     Sent 19622247207
2024-03-14 23:22:31,010 INFO     Sent 19622247206
2024-03-14 23:22:31,131 INFO     Sent 19622247205
2024-03-14 23:22:31,245 INFO     Sent 19622247204
2024-03-14 23:22:31,354 INFO     Sent 19622247203
2024-03-14 23:22:31,481 INFO     Sent 19622247202
2024-03-14 23:22:31,592 INFO     Sent 19622247201
2024-03-14 23:22:31,694 INFO     Sent 19622247200
2024-03-14 23:22:31,802 INFO     Sent 19622247199
2024-03-14 23:22:31,913 INFO     Sent 19622247198
2024-03-14 23:22:32,016 INFO     Sent 19622247197
2024-03-14 23:22:32,118 INFO     Sent 19622247196
2024-03-14 23:22:32,224 INFO     Sent 19622247195
2024-03-14 23:22:32,326 INFO     Sent 19622247194
2024-03-14 23:22:32,430 INFO     Sent 19622247193
2024-03-14 23:22:32,542 INFO     Sent 19622247192
2024-03-14 23:22:32,646 INFO     Sent 19622247191
2024-03-14 23:22:32,748 INFO     Sent 19622247190
2024-03-14 23:22:32,832 INFO     Closing the Kafka producer with 0 secs timeout.
2024-03-14 23:22:32,833 INFO     Proceeding to force close the producer since pending requests could not be completed within timeout 0.
