2024-03-14 23:18:35,776 INFO     <BrokerConnection node_id=bootstrap-0 host=localhost:9092 <connecting> [IPv6 ('::1', 9092, 0, 0)]>: connecting to localhost:9092 [('::1', 9092, 0, 0) IPv6]
2024-03-14 23:18:35,777 INFO     Probing node bootstrap-0 broker version
2024-03-14 23:18:35,780 INFO     <BrokerConnection node_id=bootstrap-0 host=localhost:9092 <connecting> [IPv6 ('::1', 9092, 0, 0)]>: Connection complete.
2024-03-14 23:18:35,887 INFO     Broker version identified as 2.5.0
2024-03-14 23:18:35,887 INFO     Set configuration api_version=(2, 5, 0) to skip auto check_version requests on startup
2024-03-14 23:18:36,258 INFO     Sent 19622248474
2024-03-14 23:18:36,258 INFO     <BrokerConnection node_id=0 host=localhost:9092 <connecting> [IPv6 ('::1', 9092, 0, 0)]>: connecting to localhost:9092 [('::1', 9092, 0, 0) IPv6]
2024-03-14 23:18:36,259 INFO     <BrokerConnection node_id=0 host=localhost:9092 <connecting> [IPv6 ('::1', 9092, 0, 0)]>: Connection complete.
2024-03-14 23:18:36,261 INFO     <BrokerConnection node_id=bootstrap-0 host=localhost:9092 <connected> [IPv6 ('::1', 9092, 0, 0)]>: Closing connection. 
2024-03-14 23:18:37,261 INFO     Sent 19622248472
2024-03-14 23:18:38,264 INFO     Sent 19622248471
2024-03-14 23:18:39,276 INFO     Sent 19622248470
2024-03-14 23:18:40,280 INFO     Sent 19622248469
2024-03-14 23:18:41,283 INFO     Sent 19622248468
2024-03-14 23:18:42,298 INFO     Sent 19622248467
2024-03-14 23:18:43,307 INFO     Sent 19622248466
2024-03-14 23:18:44,316 INFO     Sent 19622248464
2024-03-14 23:18:45,329 INFO     Sent 19622248463
2024-03-14 23:18:46,333 INFO     Sent 19622248462
2024-03-14 23:18:47,336 INFO     Sent 19622248459
2024-03-14 23:18:48,339 INFO     Sent 19622248458
2024-03-14 23:18:49,344 INFO     Sent 19622248457
2024-03-14 23:18:50,347 INFO     Sent 19622248456
2024-03-14 23:18:51,350 INFO     Sent 19622248455
2024-03-14 23:18:52,357 INFO     Sent 19622248454
2024-03-14 23:18:53,376 INFO     Sent 19622248453
2024-03-14 23:18:54,387 INFO     Sent 19622248452
2024-03-14 23:18:55,403 INFO     Sent 19622248451
2024-03-14 23:18:56,407 INFO     Sent 19622248450
2024-03-14 23:18:57,439 INFO     Sent 19622248449
2024-03-14 23:18:58,449 INFO     Sent 19622248448
2024-03-14 23:18:59,458 INFO     Sent 19622248447
2024-03-14 23:19:00,460 INFO     Sent 19622248444
2024-03-14 23:19:01,467 INFO     Sent 19622248443
2024-03-14 23:19:02,473 INFO     Sent 19622248442
2024-03-14 23:19:03,474 INFO     Sent 19622248441
2024-03-14 23:19:04,543 INFO     Sent 19622248440
2024-03-14 23:19:05,548 INFO     Sent 19622248439
2024-03-14 23:19:06,555 INFO     Sent 19622248438
2024-03-14 23:19:07,559 INFO     Sent 19622248437
2024-03-14 23:19:08,573 INFO     Sent 19622248436
2024-03-14 23:19:09,590 INFO     Sent 19622248435
2024-03-14 23:19:10,598 INFO     Sent 19622248434
2024-03-14 23:19:11,603 INFO     Sent 19622248433
2024-03-14 23:19:12,614 INFO     Sent 19622248432
2024-03-14 23:19:13,615 INFO     Sent 19622248431
2024-03-14 23:19:14,623 INFO     Sent 19622248430
2024-03-14 23:19:15,634 INFO     Sent 19622248429
2024-03-14 23:19:16,637 INFO     Sent 19622248428
2024-03-14 23:19:17,640 INFO     Sent 19622248427
2024-03-14 23:19:18,651 INFO     Sent 19622248426
2024-03-14 23:19:19,653 INFO     Sent 19622248425
2024-03-14 23:19:20,662 INFO     Sent 19622248424
2024-03-14 23:19:21,665 INFO     Sent 19622248423
2024-03-14 23:19:22,667 INFO     Sent 19622248422
2024-03-14 23:19:23,670 INFO     Sent 19622248421
2024-03-14 23:19:24,673 INFO     Sent 19622248420
2024-03-14 23:19:25,676 INFO     Sent 19622248419
2024-03-14 23:19:26,680 INFO     Sent 19622248418
2024-03-14 23:19:27,682 INFO     Sent 19622248417
2024-03-14 23:19:28,685 INFO     Sent 19622248416
2024-03-14 23:19:29,687 INFO     Sent 19622248415
2024-03-14 23:19:30,734 INFO     Sent 19622248414
2024-03-14 23:19:31,736 INFO     Sent 19622248413
2024-03-14 23:19:32,741 INFO     Sent 19622248412
2024-03-14 23:19:33,752 INFO     Sent 19622248411
2024-03-14 23:19:34,754 INFO     Sent 19622248410
2024-03-14 23:19:35,761 INFO     Sent 19622248409
2024-03-14 23:19:36,766 INFO     Sent 19622248408
2024-03-14 23:19:37,769 INFO     Sent 19622248407
2024-03-14 23:19:38,771 INFO     Sent 19622248406
2024-03-14 23:19:39,776 INFO     Sent 19622248405
2024-03-14 23:19:40,781 INFO     Sent 19622248404
2024-03-14 23:19:41,786 INFO     Sent 19622248403
2024-03-14 23:19:42,792 INFO     Sent 19622248402
2024-03-14 23:19:43,795 INFO     Sent 19622248401
2024-03-14 23:19:44,796 INFO     Sent 19622248400
2024-03-14 23:19:45,798 INFO     Sent 19622248399
2024-03-14 23:19:46,803 INFO     Sent 19622248398
2024-03-14 23:19:47,805 INFO     Sent 19622248397
2024-03-14 23:19:48,824 INFO     Sent 19622248396
2024-03-14 23:19:49,828 INFO     Sent 19622248395
2024-03-14 23:19:50,831 INFO     Sent 19622248394
2024-03-14 23:19:51,881 INFO     Sent 19622248393
2024-03-14 23:19:52,884 INFO     Sent 19622248392
2024-03-14 23:19:53,887 INFO     Sent 19622248391
2024-03-14 23:19:54,937 INFO     Sent 19622248390
2024-03-14 23:19:55,962 INFO     Sent 19622248389
2024-03-14 23:19:56,984 INFO     Sent 19622248388
2024-03-14 23:19:57,993 INFO     Sent 19622248387
2024-03-14 23:19:59,014 INFO     Sent 19622248386
2024-03-14 23:20:00,026 INFO     Sent 19622248385
2024-03-14 23:20:01,044 INFO     Sent 19622248384
2024-03-14 23:20:02,046 INFO     Sent 19622248383
2024-03-14 23:20:03,048 INFO     Sent 19622248382
2024-03-14 23:20:04,050 INFO     Sent 19622248381
2024-03-14 23:20:05,146 INFO     Sent 19622248380
2024-03-14 23:20:06,157 INFO     Sent 19622248379
2024-03-14 23:20:07,166 INFO     Sent 19622248378
2024-03-14 23:20:08,170 INFO     Sent 19622248377
2024-03-14 23:20:09,174 INFO     Sent 19622248376
2024-03-14 23:20:10,179 INFO     Sent 19622248375
2024-03-14 23:20:11,181 INFO     Sent 19622248373
2024-03-14 23:20:12,186 INFO     Sent 19622248372
2024-03-14 23:20:13,262 INFO     Sent 19622248371
2024-03-14 23:20:14,267 INFO     Sent 19622248370
2024-03-14 23:20:15,269 INFO     Sent 19622248369
2024-03-14 23:20:16,274 INFO     Sent 19622248368
2024-03-14 23:20:17,279 INFO     Sent 19622248367
2024-03-14 23:20:17,424 INFO     Closing the Kafka producer with 0 secs timeout.
2024-03-14 23:20:17,424 INFO     Proceeding to force close the producer since pending requests could not be completed within timeout 0.
