2024-03-14 23:17:35,375 INFO     <BrokerConnection node_id=bootstrap-0 host=localhost:9092 <connecting> [IPv6 ('::1', 9092, 0, 0)]>: connecting to localhost:9092 [('::1', 9092, 0, 0) IPv6]
2024-03-14 23:17:35,376 INFO     Probing node bootstrap-0 broker version
2024-03-14 23:17:35,378 INFO     <BrokerConnection node_id=bootstrap-0 host=localhost:9092 <connecting> [IPv6 ('::1', 9092, 0, 0)]>: Connection complete.
2024-03-14 23:17:35,524 INFO     Broker version identified as 2.5.0
2024-03-14 23:17:35,524 INFO     Set configuration api_version=(2, 5, 0) to skip auto check_version requests on startup
2024-03-14 23:17:35,529 INFO     Updating subscribed topics to: ('metrics',)
2024-03-14 23:17:35,529 INFO     Starting the monitoring
2024-03-14 23:17:35,548 INFO     Group coordinator for monitor is BrokerMetadata(nodeId='coordinator-0', host='localhost', port=9092, rack=None)
2024-03-14 23:17:35,549 INFO     Discovered coordinator coordinator-0 for group monitor
2024-03-14 23:17:35,555 INFO     Starting new heartbeat thread
2024-03-14 23:17:35,561 INFO     Revoking previously assigned partitions set() for group monitor
2024-03-14 23:17:35,562 INFO     <BrokerConnection node_id=coordinator-0 host=localhost:9092 <connecting> [IPv6 ('::1', 9092, 0, 0)]>: connecting to localhost:9092 [('::1', 9092, 0, 0) IPv6]
2024-03-14 23:17:35,563 INFO     <BrokerConnection node_id=coordinator-0 host=localhost:9092 <connecting> [IPv6 ('::1', 9092, 0, 0)]>: Connection complete.
2024-03-14 23:17:35,564 INFO     <BrokerConnection node_id=bootstrap-0 host=localhost:9092 <connected> [IPv6 ('::1', 9092, 0, 0)]>: Closing connection. 
2024-03-14 23:17:35,665 INFO     (Re-)joining group monitor
2024-03-14 23:17:38,688 INFO     Elected group leader -- performing partition assignments using range
2024-03-14 23:17:38,690 INFO     <BrokerConnection node_id=0 host=localhost:9092 <connecting> [IPv6 ('::1', 9092, 0, 0)]>: connecting to localhost:9092 [('::1', 9092, 0, 0) IPv6]
2024-03-14 23:17:38,707 INFO     <BrokerConnection node_id=0 host=localhost:9092 <connecting> [IPv6 ('::1', 9092, 0, 0)]>: Connection complete.
2024-03-14 23:17:38,723 INFO     Successfully joined group monitor with generation 4
2024-03-14 23:17:38,724 INFO     Updated partition assignment: [TopicPartition(topic='metrics', partition=0)]
2024-03-14 23:17:38,724 INFO     Setting newly assigned partitions {TopicPartition(topic='metrics', partition=0)} for group monitor
2024-03-14 23:17:38,767 INFO     Received montoring report: {'metrics': {'processing_rate': '259.46 msg/s', 'throughput': '281.31 B/s', 'average_ingestion_time': '0.0038541951s', 'total_ingestion_data_size': '0.09 MB', 'total_number_of_messages': 362}, 'timeframe': {'start_time': '2024-03-14 23:10:04', 'end_time': '2024-03-14 23:15:54'}, 'origin': {'tenant': 'tenant1', 'streaming_app_id': 7196, 'streaming_app_name': 'streamingestor'}}
2024-03-14 23:17:40,818 INFO     Sent alert for tenant1
2024-03-14 23:17:40,819 INFO     Received montoring report: {'metrics': {'processing_rate': '259.04 msg/s', 'throughput': '281.13 B/s', 'average_ingestion_time': '0.0038603777s', 'total_ingestion_data_size': '0.1 MB', 'total_number_of_messages': 368}, 'timeframe': {'start_time': '2024-03-14 23:10:04', 'end_time': '2024-03-14 23:16:00'}, 'origin': {'tenant': 'tenant1', 'streaming_app_id': 7196, 'streaming_app_name': 'streamingestor'}}
2024-03-14 23:17:42,852 INFO     Sent alert for tenant1
2024-03-14 23:17:55,897 INFO     Received montoring report: {'metrics': {'processing_rate': '324.2 msg/s', 'throughput': '1117.1 B/s', 'average_ingestion_time': '0.0030845574s', 'total_ingestion_data_size': '0.0 MB', 'total_number_of_messages': 14}, 'timeframe': {'start_time': '2024-03-14 23:17:45', 'end_time': '2024-03-14 23:17:49'}, 'origin': {'tenant': 'tenant1', 'streaming_app_id': 1484, 'streaming_app_name': 'streamingestor'}}
2024-03-14 23:17:57,937 INFO     Sent alert for tenant1
2024-03-14 23:18:05,840 INFO     Received montoring report: {'metrics': {'processing_rate': '324.2 msg/s', 'throughput': '1117.1 B/s', 'average_ingestion_time': '0.0030845574s', 'total_ingestion_data_size': '0.0 MB', 'total_number_of_messages': 14}, 'timeframe': {'start_time': '2024-03-14 23:17:45', 'end_time': '2024-03-14 23:17:49'}, 'origin': {'tenant': 'tenant1', 'streaming_app_id': 1484, 'streaming_app_name': 'streamingestor'}}
2024-03-14 23:18:07,882 INFO     Sent alert for tenant1
2024-03-14 23:18:37,102 INFO     Received montoring report: {'metrics': {'processing_rate': '36.94 msg/s', 'throughput': '29.47 B/s', 'average_ingestion_time': '0.0270678997s', 'total_ingestion_data_size': '0.0 MB', 'total_number_of_messages': 1}, 'timeframe': {'start_time': '2024-03-14 23:18:27', 'end_time': '2024-03-14 23:18:36'}, 'origin': {'tenant': 'tenant1', 'streaming_app_id': 7500, 'streaming_app_name': 'streamingestor'}}
2024-03-14 23:18:39,176 INFO     Sent alert for tenant1
2024-03-14 23:18:47,092 INFO     Received montoring report: {'metrics': {'processing_rate': '210.26 msg/s', 'throughput': '155.26 B/s', 'average_ingestion_time': '0.0047560822s', 'total_ingestion_data_size': '0.0 MB', 'total_number_of_messages': 11}, 'timeframe': {'start_time': '2024-03-14 23:18:27', 'end_time': '2024-03-14 23:18:46'}, 'origin': {'tenant': 'tenant1', 'streaming_app_id': 7500, 'streaming_app_name': 'streamingestor'}}
2024-03-14 23:18:49,157 INFO     Sent alert for tenant1
2024-03-14 23:18:57,102 INFO     Received montoring report: {'metrics': {'processing_rate': '265.12 msg/s', 'throughput': '194.67 B/s', 'average_ingestion_time': '0.0037719068s', 'total_ingestion_data_size': '0.01 MB', 'total_number_of_messages': 21}, 'timeframe': {'start_time': '2024-03-14 23:18:27', 'end_time': '2024-03-14 23:18:56'}, 'origin': {'tenant': 'tenant1', 'streaming_app_id': 7500, 'streaming_app_name': 'streamingestor'}}
2024-03-14 23:18:59,122 INFO     Sent alert for tenant1
2024-03-14 23:19:06,997 INFO     Received montoring report: {'metrics': {'processing_rate': '250.56 msg/s', 'throughput': '238.56 B/s', 'average_ingestion_time': '0.003991127s', 'total_ingestion_data_size': '0.0 MB', 'total_number_of_messages': 1}, 'timeframe': {'start_time': '2024-03-14 23:18:56', 'end_time': '2024-03-14 23:19:00'}, 'origin': {'tenant': 'tenant2', 'streaming_app_id': 11964, 'streaming_app_name': 'streamingestor'}}
2024-03-14 23:19:09,057 INFO     Sent alert for tenant2
2024-03-14 23:19:09,069 INFO     Received montoring report: {'metrics': {'processing_rate': '302.22 msg/s', 'throughput': '213.53 B/s', 'average_ingestion_time': '0.0033088423s', 'total_ingestion_data_size': '0.01 MB', 'total_number_of_messages': 31}, 'timeframe': {'start_time': '2024-03-14 23:18:27', 'end_time': '2024-03-14 23:19:06'}, 'origin': {'tenant': 'tenant1', 'streaming_app_id': 7500, 'streaming_app_name': 'streamingestor'}}
2024-03-14 23:19:11,130 INFO     Sent alert for tenant1
2024-03-14 23:19:16,986 INFO     Received montoring report: {'metrics': {'processing_rate': '454.51 msg/s', 'throughput': '420.97 B/s', 'average_ingestion_time': '0.0022001743s', 'total_ingestion_data_size': '0.01 MB', 'total_number_of_messages': 10}, 'timeframe': {'start_time': '2024-03-14 23:18:56', 'end_time': '2024-03-14 23:19:16'}, 'origin': {'tenant': 'tenant2', 'streaming_app_id': 11964, 'streaming_app_name': 'streamingestor'}}
2024-03-14 23:19:19,046 INFO     Sent alert for tenant2
2024-03-14 23:19:19,050 INFO     Received montoring report: {'metrics': {'processing_rate': '328.41 msg/s', 'throughput': '224.95 B/s', 'average_ingestion_time': '0.0030449658s', 'total_ingestion_data_size': '0.01 MB', 'total_number_of_messages': 41}, 'timeframe': {'start_time': '2024-03-14 23:18:27', 'end_time': '2024-03-14 23:19:16'}, 'origin': {'tenant': 'tenant1', 'streaming_app_id': 7500, 'streaming_app_name': 'streamingestor'}}
2024-03-14 23:19:21,113 INFO     Sent alert for tenant1
2024-03-14 23:19:26,987 INFO     Received montoring report: {'metrics': {'processing_rate': '552.81 msg/s', 'throughput': '558.39 B/s', 'average_ingestion_time': '0.0018089294s', 'total_ingestion_data_size': '0.02 MB', 'total_number_of_messages': 20}, 'timeframe': {'start_time': '2024-03-14 23:18:56', 'end_time': '2024-03-14 23:19:26'}, 'origin': {'tenant': 'tenant2', 'streaming_app_id': 11964, 'streaming_app_name': 'streamingestor'}}
2024-03-14 23:19:29,026 INFO     Sent alert for tenant2
2024-03-14 23:19:29,041 INFO     Received montoring report: {'metrics': {'processing_rate': '341.05 msg/s', 'throughput': '232.69 B/s', 'average_ingestion_time': '0.0029321512s', 'total_ingestion_data_size': '0.01 MB', 'total_number_of_messages': 51}, 'timeframe': {'start_time': '2024-03-14 23:18:27', 'end_time': '2024-03-14 23:19:26'}, 'origin': {'tenant': 'tenant1', 'streaming_app_id': 7500, 'streaming_app_name': 'streamingestor'}}
2024-03-14 23:19:31,073 INFO     Sent alert for tenant1
2024-03-14 23:19:36,999 INFO     Received montoring report: {'metrics': {'processing_rate': '662.01 msg/s', 'throughput': '626.66 B/s', 'average_ingestion_time': '0.0015105406s', 'total_ingestion_data_size': '0.02 MB', 'total_number_of_messages': 30}, 'timeframe': {'start_time': '2024-03-14 23:18:56', 'end_time': '2024-03-14 23:19:36'}, 'origin': {'tenant': 'tenant2', 'streaming_app_id': 11964, 'streaming_app_name': 'streamingestor'}}
2024-03-14 23:19:39,047 INFO     Sent alert for tenant2
2024-03-14 23:19:39,050 INFO     Received montoring report: {'metrics': {'processing_rate': '350.55 msg/s', 'throughput': '238.05 B/s', 'average_ingestion_time': '0.0028526392s', 'total_ingestion_data_size': '0.02 MB', 'total_number_of_messages': 61}, 'timeframe': {'start_time': '2024-03-14 23:18:27', 'end_time': '2024-03-14 23:19:36'}, 'origin': {'tenant': 'tenant1', 'streaming_app_id': 7500, 'streaming_app_name': 'streamingestor'}}
2024-03-14 23:19:41,087 INFO     Sent alert for tenant1
2024-03-14 23:19:47,012 INFO     Received montoring report: {'metrics': {'processing_rate': '697.63 msg/s', 'throughput': '667.34 B/s', 'average_ingestion_time': '0.0014334202s', 'total_ingestion_data_size': '0.03 MB', 'total_number_of_messages': 40}, 'timeframe': {'start_time': '2024-03-14 23:18:56', 'end_time': '2024-03-14 23:19:46'}, 'origin': {'tenant': 'tenant2', 'streaming_app_id': 11964, 'streaming_app_name': 'streamingestor'}}
2024-03-14 23:19:49,059 INFO     Sent alert for tenant2
2024-03-14 23:19:49,064 INFO     Received montoring report: {'metrics': {'processing_rate': '359.59 msg/s', 'throughput': '242.2 B/s', 'average_ingestion_time': '0.0027809277s', 'total_ingestion_data_size': '0.02 MB', 'total_number_of_messages': 71}, 'timeframe': {'start_time': '2024-03-14 23:18:27', 'end_time': '2024-03-14 23:19:46'}, 'origin': {'tenant': 'tenant1', 'streaming_app_id': 7500, 'streaming_app_name': 'streamingestor'}}
2024-03-14 23:19:51,118 INFO     Sent alert for tenant1
2024-03-14 23:19:57,022 INFO     Received montoring report: {'metrics': {'processing_rate': '671.79 msg/s', 'throughput': '692.95 B/s', 'average_ingestion_time': '0.0014885664s', 'total_ingestion_data_size': '0.04 MB', 'total_number_of_messages': 50}, 'timeframe': {'start_time': '2024-03-14 23:18:56', 'end_time': '2024-03-14 23:19:56'}, 'origin': {'tenant': 'tenant2', 'streaming_app_id': 11964, 'streaming_app_name': 'streamingestor'}}
2024-03-14 23:19:59,048 INFO     Sent alert for tenant2
2024-03-14 23:19:59,054 INFO     Received montoring report: {'metrics': {'processing_rate': '365.09 msg/s', 'throughput': '245.05 B/s', 'average_ingestion_time': '0.0027390233s', 'total_ingestion_data_size': '0.02 MB', 'total_number_of_messages': 81}, 'timeframe': {'start_time': '2024-03-14 23:18:27', 'end_time': '2024-03-14 23:19:56'}, 'origin': {'tenant': 'tenant1', 'streaming_app_id': 7500, 'streaming_app_name': 'streamingestor'}}
2024-03-14 23:20:01,072 INFO     Sent alert for tenant1
2024-03-14 23:20:07,033 INFO     Received montoring report: {'metrics': {'processing_rate': '691.27 msg/s', 'throughput': '709.23 B/s', 'average_ingestion_time': '0.0014466108s', 'total_ingestion_data_size': '0.05 MB', 'total_number_of_messages': 59}, 'timeframe': {'start_time': '2024-03-14 23:18:56', 'end_time': '2024-03-14 23:20:06'}, 'origin': {'tenant': 'tenant2', 'streaming_app_id': 11964, 'streaming_app_name': 'streamingestor'}}
2024-03-14 23:20:09,059 INFO     Sent alert for tenant2
2024-03-14 23:20:09,062 INFO     Received montoring report: {'metrics': {'processing_rate': '367.56 msg/s', 'throughput': '247.04 B/s', 'average_ingestion_time': '0.0027206686s', 'total_ingestion_data_size': '0.02 MB', 'total_number_of_messages': 90}, 'timeframe': {'start_time': '2024-03-14 23:18:27', 'end_time': '2024-03-14 23:20:06'}, 'origin': {'tenant': 'tenant1', 'streaming_app_id': 7500, 'streaming_app_name': 'streamingestor'}}
2024-03-14 23:20:11,118 INFO     Sent alert for tenant1
2024-03-14 23:20:17,032 INFO     Received montoring report: {'metrics': {'processing_rate': '712.52 msg/s', 'throughput': '1310.24 B/s', 'average_ingestion_time': '0.0014034699s', 'total_ingestion_data_size': '0.1 MB', 'total_number_of_messages': 126}, 'timeframe': {'start_time': '2024-03-14 23:18:56', 'end_time': '2024-03-14 23:20:16'}, 'origin': {'tenant': 'tenant2', 'streaming_app_id': 11964, 'streaming_app_name': 'streamingestor'}}
2024-03-14 23:20:19,055 INFO     Sent alert for tenant2
2024-03-14 23:20:19,058 INFO     Received montoring report: {'metrics': {'processing_rate': '361.43 msg/s', 'throughput': '249.07 B/s', 'average_ingestion_time': '0.0027668142s', 'total_ingestion_data_size': '0.03 MB', 'total_number_of_messages': 100}, 'timeframe': {'start_time': '2024-03-14 23:18:27', 'end_time': '2024-03-14 23:20:16'}, 'origin': {'tenant': 'tenant1', 'streaming_app_id': 7500, 'streaming_app_name': 'streamingestor'}}
2024-03-14 23:20:21,105 INFO     Sent alert for tenant1
2024-03-14 23:20:27,036 INFO     Received montoring report: {'metrics': {'processing_rate': '693.15 msg/s', 'throughput': '2042.36 B/s', 'average_ingestion_time': '0.0014426859s', 'total_ingestion_data_size': '0.18 MB', 'total_number_of_messages': 221}, 'timeframe': {'start_time': '2024-03-14 23:18:56', 'end_time': '2024-03-14 23:20:26'}, 'origin': {'tenant': 'tenant2', 'streaming_app_id': 11964, 'streaming_app_name': 'streamingestor'}}
2024-03-14 23:20:29,100 INFO     Sent alert for tenant2
2024-03-14 23:20:29,104 INFO     Received montoring report: {'metrics': {'processing_rate': '384.43 msg/s', 'throughput': '392.06 B/s', 'average_ingestion_time': '0.0026012652s', 'total_ingestion_data_size': '0.04 MB', 'total_number_of_messages': 173}, 'timeframe': {'start_time': '2024-03-14 23:18:27', 'end_time': '2024-03-14 23:20:27'}, 'origin': {'tenant': 'tenant1', 'streaming_app_id': 7500, 'streaming_app_name': 'streamingestor'}}
2024-03-14 23:20:31,151 INFO     Sent alert for tenant1
2024-03-14 23:20:37,039 INFO     Received montoring report: {'metrics': {'processing_rate': '705.6 msg/s', 'throughput': '2621.09 B/s', 'average_ingestion_time': '0.0014172319s', 'total_ingestion_data_size': '0.25 MB', 'total_number_of_messages': 315}, 'timeframe': {'start_time': '2024-03-14 23:18:56', 'end_time': '2024-03-14 23:20:36'}, 'origin': {'tenant': 'tenant2', 'streaming_app_id': 11964, 'streaming_app_name': 'streamingestor'}}
2024-03-14 23:20:39,089 INFO     Sent alert for tenant2
2024-03-14 23:20:39,092 INFO     Received montoring report: {'metrics': {'processing_rate': '383.93 msg/s', 'throughput': '558.72 B/s', 'average_ingestion_time': '0.0026046078s', 'total_ingestion_data_size': '0.07 MB', 'total_number_of_messages': 267}, 'timeframe': {'start_time': '2024-03-14 23:18:27', 'end_time': '2024-03-14 23:20:37'}, 'origin': {'tenant': 'tenant1', 'streaming_app_id': 7500, 'streaming_app_name': 'streamingestor'}}
2024-03-14 23:20:41,117 INFO     Sent alert for tenant1
2024-03-14 23:20:47,048 INFO     Received montoring report: {'metrics': {'processing_rate': '700.22 msg/s', 'throughput': '3107.55 B/s', 'average_ingestion_time': '0.0014281145s', 'total_ingestion_data_size': '0.33 MB', 'total_number_of_messages': 411}, 'timeframe': {'start_time': '2024-03-14 23:18:56', 'end_time': '2024-03-14 23:20:46'}, 'origin': {'tenant': 'tenant2', 'streaming_app_id': 11964, 'streaming_app_name': 'streamingestor'}}
2024-03-14 23:20:49,074 INFO     Sent alert for tenant2
2024-03-14 23:20:49,076 INFO     Received montoring report: {'metrics': {'processing_rate': '387.77 msg/s', 'throughput': '705.22 B/s', 'average_ingestion_time': '0.0025788319s', 'total_ingestion_data_size': '0.09 MB', 'total_number_of_messages': 363}, 'timeframe': {'start_time': '2024-03-14 23:18:27', 'end_time': '2024-03-14 23:20:47'}, 'origin': {'tenant': 'tenant1', 'streaming_app_id': 7500, 'streaming_app_name': 'streamingestor'}}
2024-03-14 23:20:51,126 INFO     Sent alert for tenant1
2024-03-14 23:20:57,050 INFO     Received montoring report: {'metrics': {'processing_rate': '699.6 msg/s', 'throughput': '3491.88 B/s', 'average_ingestion_time': '0.0014293861s', 'total_ingestion_data_size': '0.4 MB', 'total_number_of_messages': 504}, 'timeframe': {'start_time': '2024-03-14 23:18:56', 'end_time': '2024-03-14 23:20:57'}, 'origin': {'tenant': 'tenant2', 'streaming_app_id': 11964, 'streaming_app_name': 'streamingestor'}}
2024-03-14 23:20:59,084 INFO     Sent alert for tenant2
2024-03-14 23:20:59,087 INFO     Received montoring report: {'metrics': {'processing_rate': '392.82 msg/s', 'throughput': '826.43 B/s', 'average_ingestion_time': '0.0025456773s', 'total_ingestion_data_size': '0.12 MB', 'total_number_of_messages': 456}, 'timeframe': {'start_time': '2024-03-14 23:18:27', 'end_time': '2024-03-14 23:20:57'}, 'origin': {'tenant': 'tenant1', 'streaming_app_id': 7500, 'streaming_app_name': 'streamingestor'}}
2024-03-14 23:21:01,121 INFO     Sent alert for tenant1
2024-03-14 23:21:07,063 INFO     Received montoring report: {'metrics': {'processing_rate': '717.41 msg/s', 'throughput': '3837.6 B/s', 'average_ingestion_time': '0.0013938995s', 'total_ingestion_data_size': '0.48 MB', 'total_number_of_messages': 600}, 'timeframe': {'start_time': '2024-03-14 23:18:56', 'end_time': '2024-03-14 23:21:07'}, 'origin': {'tenant': 'tenant2', 'streaming_app_id': 11964, 'streaming_app_name': 'streamingestor'}}
2024-03-14 23:21:09,089 INFO     Sent alert for tenant2
2024-03-14 23:21:09,091 INFO     Received montoring report: {'metrics': {'processing_rate': '392.37 msg/s', 'throughput': '934.92 B/s', 'average_ingestion_time': '0.0025486092s', 'total_ingestion_data_size': '0.14 MB', 'total_number_of_messages': 550}, 'timeframe': {'start_time': '2024-03-14 23:18:27', 'end_time': '2024-03-14 23:21:07'}, 'origin': {'tenant': 'tenant1', 'streaming_app_id': 7500, 'streaming_app_name': 'streamingestor'}}
2024-03-14 23:21:11,118 INFO     Sent alert for tenant1
2024-03-14 23:21:17,069 INFO     Received montoring report: {'metrics': {'processing_rate': '729.81 msg/s', 'throughput': '4135.92 B/s', 'average_ingestion_time': '0.0013702234s', 'total_ingestion_data_size': '0.55 MB', 'total_number_of_messages': 696}, 'timeframe': {'start_time': '2024-03-14 23:18:56', 'end_time': '2024-03-14 23:21:16'}, 'origin': {'tenant': 'tenant2', 'streaming_app_id': 11964, 'streaming_app_name': 'streamingestor'}}
2024-03-14 23:21:19,120 INFO     Sent alert for tenant2
2024-03-14 23:21:19,124 INFO     Received montoring report: {'metrics': {'processing_rate': '391.52 msg/s', 'throughput': '1034.68 B/s', 'average_ingestion_time': '0.0025541491s', 'total_ingestion_data_size': '0.17 MB', 'total_number_of_messages': 647}, 'timeframe': {'start_time': '2024-03-14 23:18:27', 'end_time': '2024-03-14 23:21:17'}, 'origin': {'tenant': 'tenant1', 'streaming_app_id': 7500, 'streaming_app_name': 'streamingestor'}}
2024-03-14 23:21:21,179 INFO     Sent alert for tenant1
2024-03-14 23:21:27,083 INFO     Received montoring report: {'metrics': {'processing_rate': '742.05 msg/s', 'throughput': '4392.27 B/s', 'average_ingestion_time': '0.0013476174s', 'total_ingestion_data_size': '0.63 MB', 'total_number_of_messages': 792}, 'timeframe': {'start_time': '2024-03-14 23:18:56', 'end_time': '2024-03-14 23:21:26'}, 'origin': {'tenant': 'tenant2', 'streaming_app_id': 11964, 'streaming_app_name': 'streamingestor'}}
2024-03-14 23:21:29,129 INFO     Sent alert for tenant2
2024-03-14 23:21:29,132 INFO     Received montoring report: {'metrics': {'processing_rate': '389.18 msg/s', 'throughput': '1120.59 B/s', 'average_ingestion_time': '0.0025695325s', 'total_ingestion_data_size': '0.19 MB', 'total_number_of_messages': 742}, 'timeframe': {'start_time': '2024-03-14 23:18:27', 'end_time': '2024-03-14 23:21:27'}, 'origin': {'tenant': 'tenant1', 'streaming_app_id': 7500, 'streaming_app_name': 'streamingestor'}}
2024-03-14 23:21:31,176 INFO     Sent alert for tenant1
2024-03-14 23:21:37,095 INFO     Received montoring report: {'metrics': {'processing_rate': '737.73 msg/s', 'throughput': '4618.96 B/s', 'average_ingestion_time': '0.0013555153s', 'total_ingestion_data_size': '0.71 MB', 'total_number_of_messages': 889}, 'timeframe': {'start_time': '2024-03-14 23:18:56', 'end_time': '2024-03-14 23:21:37'}, 'origin': {'tenant': 'tenant2', 'streaming_app_id': 11964, 'streaming_app_name': 'streamingestor'}}
2024-03-14 23:21:39,133 INFO     Sent alert for tenant2
2024-03-14 23:21:39,137 INFO     Received montoring report: {'metrics': {'processing_rate': '389.74 msg/s', 'throughput': '1197.85 B/s', 'average_ingestion_time': '0.0025658317s', 'total_ingestion_data_size': '0.22 MB', 'total_number_of_messages': 837}, 'timeframe': {'start_time': '2024-03-14 23:18:27', 'end_time': '2024-03-14 23:21:37'}, 'origin': {'tenant': 'tenant1', 'streaming_app_id': 7500, 'streaming_app_name': 'streamingestor'}}
2024-03-14 23:21:41,166 INFO     Sent alert for tenant1
2024-03-14 23:21:47,096 INFO     Received montoring report: {'metrics': {'processing_rate': '732.09 msg/s', 'throughput': '4808.06 B/s', 'average_ingestion_time': '0.0013659614s', 'total_ingestion_data_size': '0.78 MB', 'total_number_of_messages': 983}, 'timeframe': {'start_time': '2024-03-14 23:18:56', 'end_time': '2024-03-14 23:21:47'}, 'origin': {'tenant': 'tenant2', 'streaming_app_id': 11964, 'streaming_app_name': 'streamingestor'}}
2024-03-14 23:21:49,133 INFO     Sent alert for tenant2
2024-03-14 23:21:49,137 INFO     Received montoring report: {'metrics': {'processing_rate': '383.74 msg/s', 'throughput': '1265.69 B/s', 'average_ingestion_time': '0.0026059087s', 'total_ingestion_data_size': '0.24 MB', 'total_number_of_messages': 931}, 'timeframe': {'start_time': '2024-03-14 23:18:27', 'end_time': '2024-03-14 23:21:47'}, 'origin': {'tenant': 'tenant1', 'streaming_app_id': 7500, 'streaming_app_name': 'streamingestor'}}
2024-03-14 23:21:51,175 INFO     Sent alert for tenant1
2024-03-14 23:21:57,118 INFO     Received montoring report: {'metrics': {'processing_rate': '732.7 msg/s', 'throughput': '4983.81 B/s', 'average_ingestion_time': '0.0013648224s', 'total_ingestion_data_size': '0.86 MB', 'total_number_of_messages': 1079}, 'timeframe': {'start_time': '2024-03-14 23:18:56', 'end_time': '2024-03-14 23:21:57'}, 'origin': {'tenant': 'tenant2', 'streaming_app_id': 11964, 'streaming_app_name': 'streamingestor'}}
2024-03-14 23:21:59,157 INFO     Sent alert for tenant2
2024-03-14 23:21:59,160 INFO     Received montoring report: {'metrics': {'processing_rate': '376.13 msg/s', 'throughput': '1329.7 B/s', 'average_ingestion_time': '0.00265863s', 'total_ingestion_data_size': '0.27 MB', 'total_number_of_messages': 1027}, 'timeframe': {'start_time': '2024-03-14 23:18:27', 'end_time': '2024-03-14 23:21:57'}, 'origin': {'tenant': 'tenant1', 'streaming_app_id': 7500, 'streaming_app_name': 'streamingestor'}}
2024-03-14 23:22:01,193 INFO     Sent alert for tenant1
2024-03-14 23:22:07,126 INFO     Received montoring report: {'metrics': {'processing_rate': '736.57 msg/s', 'throughput': '5133.35 B/s', 'average_ingestion_time': '0.0013576418s', 'total_ingestion_data_size': '0.93 MB', 'total_number_of_messages': 1173}, 'timeframe': {'start_time': '2024-03-14 23:18:56', 'end_time': '2024-03-14 23:22:07'}, 'origin': {'tenant': 'tenant2', 'streaming_app_id': 11964, 'streaming_app_name': 'streamingestor'}}
2024-03-14 23:22:09,157 INFO     Sent alert for tenant2
2024-03-14 23:22:09,161 INFO     Received montoring report: {'metrics': {'processing_rate': '374.98 msg/s', 'throughput': '1386.33 B/s', 'average_ingestion_time': '0.0026668s', 'total_ingestion_data_size': '0.29 MB', 'total_number_of_messages': 1122}, 'timeframe': {'start_time': '2024-03-14 23:18:27', 'end_time': '2024-03-14 23:22:07'}, 'origin': {'tenant': 'tenant1', 'streaming_app_id': 7500, 'streaming_app_name': 'streamingestor'}}
2024-03-14 23:22:11,203 INFO     Sent alert for tenant1
2024-03-14 23:22:17,140 INFO     Received montoring report: {'metrics': {'processing_rate': '739.34 msg/s', 'throughput': '5270.36 B/s', 'average_ingestion_time': '0.0013525612s', 'total_ingestion_data_size': '1.01 MB', 'total_number_of_messages': 1268}, 'timeframe': {'start_time': '2024-03-14 23:18:56', 'end_time': '2024-03-14 23:22:17'}, 'origin': {'tenant': 'tenant2', 'streaming_app_id': 11964, 'streaming_app_name': 'streamingestor'}}
2024-03-14 23:22:19,167 INFO     Sent alert for tenant2
2024-03-14 23:22:19,174 INFO     Received montoring report: {'metrics': {'processing_rate': '367.34 msg/s', 'throughput': '1437.17 B/s', 'average_ingestion_time': '0.0027222596s', 'total_ingestion_data_size': '0.32 MB', 'total_number_of_messages': 1216}, 'timeframe': {'start_time': '2024-03-14 23:18:27', 'end_time': '2024-03-14 23:22:17'}, 'origin': {'tenant': 'tenant1', 'streaming_app_id': 7500, 'streaming_app_name': 'streamingestor'}}
2024-03-14 23:22:21,202 INFO     Sent alert for tenant1
2024-03-14 23:22:27,151 INFO     Received montoring report: {'metrics': {'processing_rate': '741.49 msg/s', 'throughput': '5387.47 B/s', 'average_ingestion_time': '0.0013486442s', 'total_ingestion_data_size': '1.08 MB', 'total_number_of_messages': 1361}, 'timeframe': {'start_time': '2024-03-14 23:18:56', 'end_time': '2024-03-14 23:22:27'}, 'origin': {'tenant': 'tenant2', 'streaming_app_id': 11964, 'streaming_app_name': 'streamingestor'}}
2024-03-14 23:22:29,203 INFO     Sent alert for tenant2
2024-03-14 23:22:29,207 INFO     Received montoring report: {'metrics': {'processing_rate': '362.24 msg/s', 'throughput': '1482.49 B/s', 'average_ingestion_time': '0.0027606229s', 'total_ingestion_data_size': '0.34 MB', 'total_number_of_messages': 1309}, 'timeframe': {'start_time': '2024-03-14 23:18:27', 'end_time': '2024-03-14 23:22:27'}, 'origin': {'tenant': 'tenant1', 'streaming_app_id': 7500, 'streaming_app_name': 'streamingestor'}}
2024-03-14 23:22:31,253 INFO     Sent alert for tenant1
2024-03-14 23:22:37,155 INFO     Received montoring report: {'metrics': {'processing_rate': '741.65 msg/s', 'throughput': '5501.81 B/s', 'average_ingestion_time': '0.0013483368s', 'total_ingestion_data_size': '1.16 MB', 'total_number_of_messages': 1456}, 'timeframe': {'start_time': '2024-03-14 23:18:56', 'end_time': '2024-03-14 23:22:37'}, 'origin': {'tenant': 'tenant2', 'streaming_app_id': 11964, 'streaming_app_name': 'streamingestor'}}
2024-03-14 23:22:39,203 INFO     Sent alert for tenant2
2024-03-14 23:22:39,209 INFO     Received montoring report: {'metrics': {'processing_rate': '360.34 msg/s', 'throughput': '1505.69 B/s', 'average_ingestion_time': '0.0027751583s', 'total_ingestion_data_size': '0.35 MB', 'total_number_of_messages': 1360}, 'timeframe': {'start_time': '2024-03-14 23:18:27', 'end_time': '2024-03-14 23:22:32'}, 'origin': {'tenant': 'tenant1', 'streaming_app_id': 7500, 'streaming_app_name': 'streamingestor'}}
2024-03-14 23:22:41,244 INFO     Sent alert for tenant1
2024-03-14 23:22:47,158 INFO     Received montoring report: {'metrics': {'processing_rate': '736.37 msg/s', 'throughput': '5602.37 B/s', 'average_ingestion_time': '0.0013580124s', 'total_ingestion_data_size': '1.23 MB', 'total_number_of_messages': 1550}, 'timeframe': {'start_time': '2024-03-14 23:18:56', 'end_time': '2024-03-14 23:22:47'}, 'origin': {'tenant': 'tenant2', 'streaming_app_id': 11964, 'streaming_app_name': 'streamingestor'}}
2024-03-14 23:22:49,187 INFO     Sent alert for tenant2
2024-03-14 23:22:49,191 INFO     Received montoring report: {'metrics': {'processing_rate': '360.34 msg/s', 'throughput': '1505.69 B/s', 'average_ingestion_time': '0.0027751583s', 'total_ingestion_data_size': '0.35 MB', 'total_number_of_messages': 1360}, 'timeframe': {'start_time': '2024-03-14 23:18:27', 'end_time': '2024-03-14 23:22:32'}, 'origin': {'tenant': 'tenant1', 'streaming_app_id': 7500, 'streaming_app_name': 'streamingestor'}}
2024-03-14 23:22:51,245 INFO     Sent alert for tenant1
2024-03-14 23:22:57,173 INFO     Received montoring report: {'metrics': {'processing_rate': '737.04 msg/s', 'throughput': '5649.61 B/s', 'average_ingestion_time': '0.0013567835s', 'total_ingestion_data_size': '1.27 MB', 'total_number_of_messages': 1596}, 'timeframe': {'start_time': '2024-03-14 23:18:56', 'end_time': '2024-03-14 23:22:51'}, 'origin': {'tenant': 'tenant2', 'streaming_app_id': 11964, 'streaming_app_name': 'streamingestor'}}
2024-03-14 23:22:59,188 INFO     Sent alert for tenant2
2024-03-14 23:22:59,191 INFO     Received montoring report: {'metrics': {'processing_rate': '360.34 msg/s', 'throughput': '1505.69 B/s', 'average_ingestion_time': '0.0027751583s', 'total_ingestion_data_size': '0.35 MB', 'total_number_of_messages': 1360}, 'timeframe': {'start_time': '2024-03-14 23:18:27', 'end_time': '2024-03-14 23:22:32'}, 'origin': {'tenant': 'tenant1', 'streaming_app_id': 7500, 'streaming_app_name': 'streamingestor'}}
2024-03-14 23:23:01,219 INFO     Sent alert for tenant1
2024-03-14 23:23:07,185 INFO     Received montoring report: {'metrics': {'processing_rate': '737.04 msg/s', 'throughput': '5649.61 B/s', 'average_ingestion_time': '0.0013567835s', 'total_ingestion_data_size': '1.27 MB', 'total_number_of_messages': 1596}, 'timeframe': {'start_time': '2024-03-14 23:18:56', 'end_time': '2024-03-14 23:22:51'}, 'origin': {'tenant': 'tenant2', 'streaming_app_id': 11964, 'streaming_app_name': 'streamingestor'}}
2024-03-14 23:23:09,221 INFO     Sent alert for tenant2
2024-03-14 23:23:09,225 INFO     Received montoring report: {'metrics': {'processing_rate': '360.34 msg/s', 'throughput': '1505.69 B/s', 'average_ingestion_time': '0.0027751583s', 'total_ingestion_data_size': '0.35 MB', 'total_number_of_messages': 1360}, 'timeframe': {'start_time': '2024-03-14 23:18:27', 'end_time': '2024-03-14 23:22:32'}, 'origin': {'tenant': 'tenant1', 'streaming_app_id': 7500, 'streaming_app_name': 'streamingestor'}}
2024-03-14 23:23:11,270 INFO     Sent alert for tenant1
2024-03-14 23:23:17,190 INFO     Received montoring report: {'metrics': {'processing_rate': '737.04 msg/s', 'throughput': '5649.61 B/s', 'average_ingestion_time': '0.0013567835s', 'total_ingestion_data_size': '1.27 MB', 'total_number_of_messages': 1596}, 'timeframe': {'start_time': '2024-03-14 23:18:56', 'end_time': '2024-03-14 23:22:51'}, 'origin': {'tenant': 'tenant2', 'streaming_app_id': 11964, 'streaming_app_name': 'streamingestor'}}
2024-03-14 23:23:19,251 INFO     Sent alert for tenant2
2024-03-14 23:23:19,255 INFO     Received montoring report: {'metrics': {'processing_rate': '360.34 msg/s', 'throughput': '1505.69 B/s', 'average_ingestion_time': '0.0027751583s', 'total_ingestion_data_size': '0.35 MB', 'total_number_of_messages': 1360}, 'timeframe': {'start_time': '2024-03-14 23:18:27', 'end_time': '2024-03-14 23:22:32'}, 'origin': {'tenant': 'tenant1', 'streaming_app_id': 7500, 'streaming_app_name': 'streamingestor'}}
2024-03-14 23:23:21,320 INFO     Sent alert for tenant1
2024-03-14 23:23:27,193 INFO     Received montoring report: {'metrics': {'processing_rate': '737.04 msg/s', 'throughput': '5649.61 B/s', 'average_ingestion_time': '0.0013567835s', 'total_ingestion_data_size': '1.27 MB', 'total_number_of_messages': 1596}, 'timeframe': {'start_time': '2024-03-14 23:18:56', 'end_time': '2024-03-14 23:22:51'}, 'origin': {'tenant': 'tenant2', 'streaming_app_id': 11964, 'streaming_app_name': 'streamingestor'}}
2024-03-14 23:23:29,222 INFO     Sent alert for tenant2
2024-03-14 23:23:29,225 INFO     Received montoring report: {'metrics': {'processing_rate': '360.34 msg/s', 'throughput': '1505.69 B/s', 'average_ingestion_time': '0.0027751583s', 'total_ingestion_data_size': '0.35 MB', 'total_number_of_messages': 1360}, 'timeframe': {'start_time': '2024-03-14 23:18:27', 'end_time': '2024-03-14 23:22:32'}, 'origin': {'tenant': 'tenant1', 'streaming_app_id': 7500, 'streaming_app_name': 'streamingestor'}}
2024-03-14 23:23:31,258 INFO     Sent alert for tenant1
2024-03-14 23:23:37,209 INFO     Received montoring report: {'metrics': {'processing_rate': '737.04 msg/s', 'throughput': '5649.61 B/s', 'average_ingestion_time': '0.0013567835s', 'total_ingestion_data_size': '1.27 MB', 'total_number_of_messages': 1596}, 'timeframe': {'start_time': '2024-03-14 23:18:56', 'end_time': '2024-03-14 23:22:51'}, 'origin': {'tenant': 'tenant2', 'streaming_app_id': 11964, 'streaming_app_name': 'streamingestor'}}
2024-03-14 23:23:39,241 INFO     Sent alert for tenant2
2024-03-14 23:23:39,243 INFO     Received montoring report: {'metrics': {'processing_rate': '360.34 msg/s', 'throughput': '1505.69 B/s', 'average_ingestion_time': '0.0027751583s', 'total_ingestion_data_size': '0.35 MB', 'total_number_of_messages': 1360}, 'timeframe': {'start_time': '2024-03-14 23:18:27', 'end_time': '2024-03-14 23:22:32'}, 'origin': {'tenant': 'tenant1', 'streaming_app_id': 7500, 'streaming_app_name': 'streamingestor'}}
2024-03-14 23:23:41,274 INFO     Sent alert for tenant1
2024-03-14 23:23:47,216 INFO     Received montoring report: {'metrics': {'processing_rate': '737.04 msg/s', 'throughput': '5649.61 B/s', 'average_ingestion_time': '0.0013567835s', 'total_ingestion_data_size': '1.27 MB', 'total_number_of_messages': 1596}, 'timeframe': {'start_time': '2024-03-14 23:18:56', 'end_time': '2024-03-14 23:22:51'}, 'origin': {'tenant': 'tenant2', 'streaming_app_id': 11964, 'streaming_app_name': 'streamingestor'}}
2024-03-14 23:23:49,272 INFO     Sent alert for tenant2
2024-03-14 23:23:49,276 INFO     Received montoring report: {'metrics': {'processing_rate': '360.34 msg/s', 'throughput': '1505.69 B/s', 'average_ingestion_time': '0.0027751583s', 'total_ingestion_data_size': '0.35 MB', 'total_number_of_messages': 1360}, 'timeframe': {'start_time': '2024-03-14 23:18:27', 'end_time': '2024-03-14 23:22:32'}, 'origin': {'tenant': 'tenant1', 'streaming_app_id': 7500, 'streaming_app_name': 'streamingestor'}}
2024-03-14 23:23:51,302 INFO     Sent alert for tenant1
2024-03-14 23:23:57,225 INFO     Received montoring report: {'metrics': {'processing_rate': '737.04 msg/s', 'throughput': '5649.61 B/s', 'average_ingestion_time': '0.0013567835s', 'total_ingestion_data_size': '1.27 MB', 'total_number_of_messages': 1596}, 'timeframe': {'start_time': '2024-03-14 23:18:56', 'end_time': '2024-03-14 23:22:51'}, 'origin': {'tenant': 'tenant2', 'streaming_app_id': 11964, 'streaming_app_name': 'streamingestor'}}
2024-03-14 23:23:59,286 INFO     Sent alert for tenant2
2024-03-14 23:23:59,288 INFO     Received montoring report: {'metrics': {'processing_rate': '360.34 msg/s', 'throughput': '1505.69 B/s', 'average_ingestion_time': '0.0027751583s', 'total_ingestion_data_size': '0.35 MB', 'total_number_of_messages': 1360}, 'timeframe': {'start_time': '2024-03-14 23:18:27', 'end_time': '2024-03-14 23:22:32'}, 'origin': {'tenant': 'tenant1', 'streaming_app_id': 7500, 'streaming_app_name': 'streamingestor'}}
2024-03-14 23:24:01,339 INFO     Sent alert for tenant1
2024-03-14 23:24:06,907 INFO     Stopping heartbeat thread
2024-03-14 23:24:57,604 INFO     <BrokerConnection node_id=bootstrap-0 host=localhost:9092 <connecting> [IPv6 ('::1', 9092, 0, 0)]>: connecting to localhost:9092 [('::1', 9092, 0, 0) IPv6]
2024-03-14 23:24:57,605 INFO     Probing node bootstrap-0 broker version
2024-03-14 23:24:57,608 INFO     <BrokerConnection node_id=bootstrap-0 host=localhost:9092 <connecting> [IPv6 ('::1', 9092, 0, 0)]>: Connection complete.
2024-03-14 23:24:57,732 INFO     Broker version identified as 2.5.0
2024-03-14 23:24:57,733 INFO     Set configuration api_version=(2, 5, 0) to skip auto check_version requests on startup
2024-03-14 23:24:57,733 INFO     Updating subscribed topics to: ('metrics',)
2024-03-14 23:24:57,734 INFO     Starting the monitoring
2024-03-14 23:24:57,737 INFO     Group coordinator for monitor is BrokerMetadata(nodeId='coordinator-0', host='localhost', port=9092, rack=None)
2024-03-14 23:24:57,737 INFO     Discovered coordinator coordinator-0 for group monitor
2024-03-14 23:24:57,738 INFO     Starting new heartbeat thread
2024-03-14 23:24:57,739 INFO     Revoking previously assigned partitions set() for group monitor
2024-03-14 23:24:57,741 INFO     <BrokerConnection node_id=coordinator-0 host=localhost:9092 <connecting> [IPv6 ('::1', 9092, 0, 0)]>: connecting to localhost:9092 [('::1', 9092, 0, 0) IPv6]
2024-03-14 23:24:57,741 INFO     <BrokerConnection node_id=coordinator-0 host=localhost:9092 <connecting> [IPv6 ('::1', 9092, 0, 0)]>: Connection complete.
2024-03-14 23:24:57,742 INFO     <BrokerConnection node_id=bootstrap-0 host=localhost:9092 <connected> [IPv6 ('::1', 9092, 0, 0)]>: Closing connection. 
2024-03-14 23:24:57,844 INFO     (Re-)joining group monitor
2024-03-14 23:24:57,849 INFO     <BrokerConnection node_id=bootstrap-0 host=localhost:9092 <connecting> [IPv6 ('::1', 9092, 0, 0)]>: connecting to localhost:9092 [('::1', 9092, 0, 0) IPv6]
2024-03-14 23:24:57,851 INFO     <BrokerConnection node_id=bootstrap-0 host=localhost:9092 <connecting> [IPv6 ('::1', 9092, 0, 0)]>: Connection complete.
2024-03-14 23:25:00,852 INFO     Elected group leader -- performing partition assignments using range
2024-03-14 23:25:00,856 INFO     <BrokerConnection node_id=0 host=localhost:9092 <connecting> [IPv6 ('::1', 9092, 0, 0)]>: connecting to localhost:9092 [('::1', 9092, 0, 0) IPv6]
2024-03-14 23:25:00,858 INFO     <BrokerConnection node_id=0 host=localhost:9092 <connecting> [IPv6 ('::1', 9092, 0, 0)]>: Connection complete.
2024-03-14 23:25:00,858 INFO     <BrokerConnection node_id=bootstrap-0 host=localhost:9092 <connected> [IPv6 ('::1', 9092, 0, 0)]>: Closing connection. 
2024-03-14 23:25:00,860 INFO     Successfully joined group monitor with generation 6
2024-03-14 23:25:00,860 INFO     Updated partition assignment: [TopicPartition(topic='metrics', partition=0)]
2024-03-14 23:25:00,865 INFO     Setting newly assigned partitions {TopicPartition(topic='metrics', partition=0)} for group monitor
2024-03-14 23:25:01,077 INFO     Received montoring report: {'metrics': {'processing_rate': '737.04 msg/s', 'throughput': '5649.61 B/s', 'average_ingestion_time': '0.0013567835s', 'total_ingestion_data_size': '1.27 MB', 'total_number_of_messages': 1596}, 'timeframe': {'start_time': '2024-03-14 23:18:56', 'end_time': '2024-03-14 23:22:51'}, 'origin': {'tenant': 'tenant2', 'streaming_app_id': 11964, 'streaming_app_name': 'streamingestor'}}
2024-03-14 23:25:03,106 INFO     Sent alert for tenant2
2024-03-14 23:25:03,107 INFO     Received montoring report: {'metrics': {'processing_rate': '360.34 msg/s', 'throughput': '1505.69 B/s', 'average_ingestion_time': '0.0027751583s', 'total_ingestion_data_size': '0.35 MB', 'total_number_of_messages': 1360}, 'timeframe': {'start_time': '2024-03-14 23:18:27', 'end_time': '2024-03-14 23:22:32'}, 'origin': {'tenant': 'tenant1', 'streaming_app_id': 7500, 'streaming_app_name': 'streamingestor'}}
2024-03-14 23:25:05,139 INFO     Sent alert for tenant1
2024-03-14 23:25:05,140 INFO     Received montoring report: {'metrics': {'processing_rate': '737.04 msg/s', 'throughput': '5649.61 B/s', 'average_ingestion_time': '0.0013567835s', 'total_ingestion_data_size': '1.27 MB', 'total_number_of_messages': 1596}, 'timeframe': {'start_time': '2024-03-14 23:18:56', 'end_time': '2024-03-14 23:22:51'}, 'origin': {'tenant': 'tenant2', 'streaming_app_id': 11964, 'streaming_app_name': 'streamingestor'}}
2024-03-14 23:25:07,170 INFO     Sent alert for tenant2
2024-03-14 23:25:07,172 INFO     Received montoring report: {'metrics': {'processing_rate': '360.34 msg/s', 'throughput': '1505.69 B/s', 'average_ingestion_time': '0.0027751583s', 'total_ingestion_data_size': '0.35 MB', 'total_number_of_messages': 1360}, 'timeframe': {'start_time': '2024-03-14 23:18:27', 'end_time': '2024-03-14 23:22:32'}, 'origin': {'tenant': 'tenant1', 'streaming_app_id': 7500, 'streaming_app_name': 'streamingestor'}}
2024-03-14 23:25:09,212 INFO     Sent alert for tenant1
2024-03-14 23:25:09,213 INFO     Received montoring report: {'metrics': {'processing_rate': '737.04 msg/s', 'throughput': '5649.61 B/s', 'average_ingestion_time': '0.0013567835s', 'total_ingestion_data_size': '1.27 MB', 'total_number_of_messages': 1596}, 'timeframe': {'start_time': '2024-03-14 23:18:56', 'end_time': '2024-03-14 23:22:51'}, 'origin': {'tenant': 'tenant2', 'streaming_app_id': 11964, 'streaming_app_name': 'streamingestor'}}
2024-03-14 23:25:11,257 INFO     Sent alert for tenant2
2024-03-14 23:25:11,257 INFO     Received montoring report: {'metrics': {'processing_rate': '360.34 msg/s', 'throughput': '1505.69 B/s', 'average_ingestion_time': '0.0027751583s', 'total_ingestion_data_size': '0.35 MB', 'total_number_of_messages': 1360}, 'timeframe': {'start_time': '2024-03-14 23:18:27', 'end_time': '2024-03-14 23:22:32'}, 'origin': {'tenant': 'tenant1', 'streaming_app_id': 7500, 'streaming_app_name': 'streamingestor'}}
2024-03-14 23:25:13,287 INFO     Sent alert for tenant1
2024-03-14 23:25:13,288 INFO     Received montoring report: {'metrics': {'processing_rate': '737.04 msg/s', 'throughput': '5649.61 B/s', 'average_ingestion_time': '0.0013567835s', 'total_ingestion_data_size': '1.27 MB', 'total_number_of_messages': 1596}, 'timeframe': {'start_time': '2024-03-14 23:18:56', 'end_time': '2024-03-14 23:22:51'}, 'origin': {'tenant': 'tenant2', 'streaming_app_id': 11964, 'streaming_app_name': 'streamingestor'}}
2024-03-14 23:25:15,327 INFO     Sent alert for tenant2
2024-03-14 23:25:15,327 INFO     Received montoring report: {'metrics': {'processing_rate': '360.34 msg/s', 'throughput': '1505.69 B/s', 'average_ingestion_time': '0.0027751583s', 'total_ingestion_data_size': '0.35 MB', 'total_number_of_messages': 1360}, 'timeframe': {'start_time': '2024-03-14 23:18:27', 'end_time': '2024-03-14 23:22:32'}, 'origin': {'tenant': 'tenant1', 'streaming_app_id': 7500, 'streaming_app_name': 'streamingestor'}}
2024-03-14 23:25:17,357 INFO     Sent alert for tenant1
2024-03-14 23:25:17,358 INFO     Received montoring report: {'metrics': {'processing_rate': '737.04 msg/s', 'throughput': '5649.61 B/s', 'average_ingestion_time': '0.0013567835s', 'total_ingestion_data_size': '1.27 MB', 'total_number_of_messages': 1596}, 'timeframe': {'start_time': '2024-03-14 23:18:56', 'end_time': '2024-03-14 23:22:51'}, 'origin': {'tenant': 'tenant2', 'streaming_app_id': 11964, 'streaming_app_name': 'streamingestor'}}
2024-03-14 23:25:19,394 INFO     Sent alert for tenant2
2024-03-14 23:25:19,395 INFO     Received montoring report: {'metrics': {'processing_rate': '360.34 msg/s', 'throughput': '1505.69 B/s', 'average_ingestion_time': '0.0027751583s', 'total_ingestion_data_size': '0.35 MB', 'total_number_of_messages': 1360}, 'timeframe': {'start_time': '2024-03-14 23:18:27', 'end_time': '2024-03-14 23:22:32'}, 'origin': {'tenant': 'tenant1', 'streaming_app_id': 7500, 'streaming_app_name': 'streamingestor'}}
2024-03-14 23:25:21,459 INFO     Sent alert for tenant1
2024-03-14 23:25:21,459 INFO     Received montoring report: {'metrics': {'processing_rate': '737.04 msg/s', 'throughput': '5649.61 B/s', 'average_ingestion_time': '0.0013567835s', 'total_ingestion_data_size': '1.27 MB', 'total_number_of_messages': 1596}, 'timeframe': {'start_time': '2024-03-14 23:18:56', 'end_time': '2024-03-14 23:22:51'}, 'origin': {'tenant': 'tenant2', 'streaming_app_id': 11964, 'streaming_app_name': 'streamingestor'}}
2024-03-14 23:25:23,505 INFO     Sent alert for tenant2
2024-03-14 23:25:23,505 INFO     Received montoring report: {'metrics': {'processing_rate': '360.34 msg/s', 'throughput': '1505.69 B/s', 'average_ingestion_time': '0.0027751583s', 'total_ingestion_data_size': '0.35 MB', 'total_number_of_messages': 1360}, 'timeframe': {'start_time': '2024-03-14 23:18:27', 'end_time': '2024-03-14 23:22:32'}, 'origin': {'tenant': 'tenant1', 'streaming_app_id': 7500, 'streaming_app_name': 'streamingestor'}}
2024-03-14 23:25:25,550 INFO     Sent alert for tenant1
2024-03-14 23:25:25,555 INFO     Received montoring report: {'metrics': {'processing_rate': '737.04 msg/s', 'throughput': '5649.61 B/s', 'average_ingestion_time': '0.0013567835s', 'total_ingestion_data_size': '1.27 MB', 'total_number_of_messages': 1596}, 'timeframe': {'start_time': '2024-03-14 23:18:56', 'end_time': '2024-03-14 23:22:51'}, 'origin': {'tenant': 'tenant2', 'streaming_app_id': 11964, 'streaming_app_name': 'streamingestor'}}
2024-03-14 23:25:27,595 INFO     Sent alert for tenant2
2024-03-14 23:25:27,599 INFO     Received montoring report: {'metrics': {'processing_rate': '360.34 msg/s', 'throughput': '1505.69 B/s', 'average_ingestion_time': '0.0027751583s', 'total_ingestion_data_size': '0.35 MB', 'total_number_of_messages': 1360}, 'timeframe': {'start_time': '2024-03-14 23:18:27', 'end_time': '2024-03-14 23:22:32'}, 'origin': {'tenant': 'tenant1', 'streaming_app_id': 7500, 'streaming_app_name': 'streamingestor'}}
2024-03-14 23:25:29,654 INFO     Sent alert for tenant1
2024-03-14 23:25:29,654 INFO     Received montoring report: {'metrics': {'processing_rate': '360.34 msg/s', 'throughput': '1505.69 B/s', 'average_ingestion_time': '0.0027751583s', 'total_ingestion_data_size': '0.35 MB', 'total_number_of_messages': 1360}, 'timeframe': {'start_time': '2024-03-14 23:18:27', 'end_time': '2024-03-14 23:22:32'}, 'origin': {'tenant': 'tenant1', 'streaming_app_id': 7500, 'streaming_app_name': 'streamingestor'}}
2024-03-14 23:25:31,709 INFO     Sent alert for tenant1
2024-03-14 23:25:31,714 INFO     Received montoring report: {'metrics': {'processing_rate': '360.34 msg/s', 'throughput': '1505.69 B/s', 'average_ingestion_time': '0.0027751583s', 'total_ingestion_data_size': '0.35 MB', 'total_number_of_messages': 1360}, 'timeframe': {'start_time': '2024-03-14 23:18:27', 'end_time': '2024-03-14 23:22:32'}, 'origin': {'tenant': 'tenant1', 'streaming_app_id': 7500, 'streaming_app_name': 'streamingestor'}}
2024-03-14 23:25:33,761 INFO     Sent alert for tenant1
2024-03-14 23:25:37,444 INFO     Received montoring report: {'metrics': {'processing_rate': '360.34 msg/s', 'throughput': '1505.69 B/s', 'average_ingestion_time': '0.0027751583s', 'total_ingestion_data_size': '0.35 MB', 'total_number_of_messages': 1360}, 'timeframe': {'start_time': '2024-03-14 23:18:27', 'end_time': '2024-03-14 23:22:32'}, 'origin': {'tenant': 'tenant1', 'streaming_app_id': 7500, 'streaming_app_name': 'streamingestor'}}
2024-03-14 23:25:39,492 INFO     Sent alert for tenant1
2024-03-14 23:25:43,062 INFO     Stopping heartbeat thread
